-- The C compiler identification is GNU 11.2.0
-- The CXX compiler identification is GNU 11.2.0
-- Detecting C compiler ABI info
-- Detecting C compiler ABI info - done
-- Check for working C compiler: /usr/bin/cc - skipped
-- Detecting C compile features
-- Detecting C compile features - done
-- Detecting CXX compiler ABI info
-- Detecting CXX compiler ABI info - done
-- Check for working CXX compiler: /usr/bin/c++ - skipped
-- Detecting CXX compile features
-- Detecting CXX compile features - done
-- Found ament_cmake: 1.3.2 (/opt/ros/humble/share/ament_cmake/cmake)
-- Found Python3: /usr/bin/python3.10 (found version "3.10.4") found components: Interpreter 
-- Found rclcpp: 16.0.1 (/opt/ros/humble/share/rclcpp/cmake)
-- Found rosidl_generator_c: 3.1.3 (/opt/ros/humble/share/rosidl_generator_c/cmake)
-- Found rosidl_adapter: 3.1.3 (/opt/ros/humble/share/rosidl_adapter/cmake)
-- Found rosidl_generator_cpp: 3.1.3 (/opt/ros/humble/share/rosidl_generator_cpp/cmake)
-- Using all available rosidl_typesupport_c: rosidl_typesupport_fastrtps_c;rosidl_typesupport_introspection_c
-- Using all available rosidl_typesupport_cpp: rosidl_typesupport_fastrtps_cpp;rosidl_typesupport_introspection_cpp
-- Found rmw_implementation_cmake: 6.1.0 (/opt/ros/humble/share/rmw_implementation_cmake/cmake)
-- Found rmw_fastrtps_cpp: 6.2.1 (/opt/ros/humble/share/rmw_fastrtps_cpp/cmake)
-- Found OpenSSL: /usr/lib/x86_64-linux-gnu/libcrypto.so (found version "3.0.2")  
-- Found FastRTPS: /opt/ros/humble/include  
-- Using RMW implementation 'rmw_fastrtps_cpp' as default
-- Found example_interfaces: 0.9.3 (/opt/ros/humble/share/example_interfaces/cmake)
-- Configuring done
-- Generating done
-- Build files have been written to: /home/omer/Desktop/dev_ws/build/publisher_package
[ 50%] [32mBuilding CXX object CMakeFiles/talker.dir/src/publisher_node.cpp.o[0m
[01m[K/home/omer/Desktop/dev_ws/src/publisher_package/src/publisher_node.cpp:20:36:[m[K [01;35m[Kwarning: [m[Kmissing terminating " character
   20 |             msg.data = std::string([01;35m[K"[m[KThis mesagge is %d. publishing message
      |                                    [01;35m[K^[m[K
[01m[K/home/omer/Desktop/dev_ws/src/publisher_package/src/publisher_node.cpp:20:36:[m[K [01;31m[Kerror: [m[Kmissing terminating " character
   20 |             msg.data = std::string([01;31m[K"This mesagge is %d. publishing message[m[K
      |                                    [01;31m[K^~~~~~~~~~~~~~~~~~~~~~~~~~~~~~~~~~~~~~~[m[K
[01m[K/home/omer/Desktop/dev_ws/src/publisher_package/src/publisher_node.cpp:21:50:[m[K [01;35m[Kwarning: [m[Kmissing terminating " character
   21 |                                    from publisher[01;35m[K"[m[K, counter_);
      |                                                  [01;35m[K^[m[K
[01m[K/home/omer/Desktop/dev_ws/src/publisher_package/src/publisher_node.cpp:21:50:[m[K [01;31m[Kerror: [m[Kmissing terminating " character
   21 |                                    from publisher[01;31m[K", counter_);[m[K
      |                                                  [01;31m[K^~~~~~~~~~~~~[m[K
[01m[K/home/omer/Desktop/dev_ws/src/publisher_package/src/publisher_node.cpp:6:1:[m[K [01;31m[Kerror: [m[Kexpected class-name before â€˜[01m[K{[m[Kâ€™ token
    6 | [01;31m[K{[m[K
      | [01;31m[K^[m[K
[01m[K/home/omer/Desktop/dev_ws/src/publisher_package/src/publisher_node.cpp:8:9:[m[K [01;31m[Kerror: [m[KISO C++ forbids declaration of â€˜[01m[Kpublisher[m[Kâ€™ with no type [[01;31m[K]8;;https://gcc.gnu.org/onlinedocs/gcc/Warning-Options.html#index-fpermissive-fpermissive]8;;[m[K]
    8 |         [01;31m[Kpublisher[m[K(): Node(publisher), counter_(1){
      |         [01;31m[K^~~~~~~~~[m[K
[01m[K/home/omer/Desktop/dev_ws/src/publisher_package/src/publisher_node.cpp:[m[K In member function â€˜[01m[Kint publisher_node::publisher()[m[Kâ€™:
[01m[K/home/omer/Desktop/dev_ws/src/publisher_package/src/publisher_node.cpp:8:22:[m[K [01;31m[Kerror: [m[Konly constructors take member initializers
    8 |         publisher(): [01;31m[KNode[m[K(publisher), counter_(1){
      |                      [01;31m[K^~~~[m[K
[01m[K/home/omer/Desktop/dev_ws/src/publisher_package/src/publisher_node.cpp:8:22:[m[K [01;31m[Kerror: [m[Kclass â€˜[01m[Kpublisher_node[m[Kâ€™ does not have any field named â€˜[01m[KNode[m[Kâ€™
[01m[K/home/omer/Desktop/dev_ws/src/publisher_package/src/publisher_node.cpp:9:33:[m[K [01;31m[Kerror: [m[Kâ€˜[01m[Kclass publisher_node[m[Kâ€™ has no member named â€˜[01m[Kcreate_publisher[m[Kâ€™
    9 |             publisher_ = this-> [01;31m[Kcreate_publisher[m[K<example_interfaces::msg
      |                                 [01;31m[K^~~~~~~~~~~~~~~~[m[K
[01m[K/home/omer/Desktop/dev_ws/src/publisher_package/src/publisher_node.cpp:10:21:[m[K [01;31m[Kerror: [m[Kexpected primary-expression before â€˜[01m[K>[m[Kâ€™ token
   10 |             ::String[01;31m[K>[m[K("publisher_topic", 10);
      |                     [01;31m[K^[m[K
[01m[K/home/omer/Desktop/dev_ws/src/publisher_package/src/publisher_node.cpp:10:23:[m[K [01;35m[Kwarning: [m[Kleft operand of comma operator has no effect [[01;35m[K]8;;https://gcc.gnu.org/onlinedocs/gcc/Warning-Options.html#index-Wunused-value-Wunused-value]8;;[m[K]
   10 |             ::String>([01;35m[K"publisher_topic"[m[K, 10);
      |                       [01;35m[K^~~~~~~~~~~~~~~~~[m[K
[01m[K/home/omer/Desktop/dev_ws/src/publisher_package/src/publisher_node.cpp:11:30:[m[K [01;31m[Kerror: [m[Kâ€˜[01m[Kclass publisher_node[m[Kâ€™ has no member named â€˜[01m[Kcreate_wall_timer[m[Kâ€™
   11 |             timer_ = this -> [01;31m[Kcreate_wall_timer[m[K(std::chrono::milliseconds(1),
      |                              [01;31m[K^~~~~~~~~~~~~~~~~[m[K
[01m[K/home/omer/Desktop/dev_ws/src/publisher_package/src/publisher_node.cpp:12:59:[m[K [01;31m[Kerror: [m[Kâ€˜[01m[Kpublisher[m[Kâ€™ is not a class, namespace, or enumeration
   12 |                                                std::bind(&[01;31m[Kpublisher[m[K::callBack,this));
      |                                                           [01;31m[K^~~~~~~~~[m[K
In file included from [01m[K/opt/ros/humble/include/rclcpp/rclcpp/client.hpp:40[m[K,
                 from [01m[K/opt/ros/humble/include/rclcpp/rclcpp/callback_group.hpp:23[m[K,
                 from [01m[K/opt/ros/humble/include/rclcpp/rclcpp/any_executable.hpp:20[m[K,
                 from [01m[K/opt/ros/humble/include/rclcpp/rclcpp/memory_strategy.hpp:25[m[K,
                 from [01m[K/opt/ros/humble/include/rclcpp/rclcpp/memory_strategies.hpp:18[m[K,
                 from [01m[K/opt/ros/humble/include/rclcpp/rclcpp/executor_options.hpp:20[m[K,
                 from [01m[K/opt/ros/humble/include/rclcpp/rclcpp/executor.hpp:37[m[K,
                 from [01m[K/opt/ros/humble/include/rclcpp/rclcpp/executors/multi_threaded_executor.hpp:25[m[K,
                 from [01m[K/opt/ros/humble/include/rclcpp/rclcpp/executors.hpp:21[m[K,
                 from [01m[K/opt/ros/humble/include/rclcpp/rclcpp/rclcpp.hpp:155[m[K,
                 from [01m[K/home/omer/Desktop/dev_ws/src/publisher_package/src/publisher_node.cpp:1[m[K:
[01m[K/home/omer/Desktop/dev_ws/src/publisher_package/src/publisher_node.cpp:13:31:[m[K [01;31m[Kerror: [m[Kâ€˜[01m[Kclass publisher_node[m[Kâ€™ has no member named â€˜[01m[Kget_logger[m[Kâ€™
   13 |             RCLCPP_INFO(this->[01;31m[Kget_logger[m[K(), "Publisher Example");
      |                               [01;31m[K^~~~~~~~~~[m[K
[01m[K/home/omer/Desktop/dev_ws/src/publisher_package/src/publisher_node.cpp:13:31:[m[K [01;31m[Kerror: [m[Kâ€˜[01m[Kclass publisher_node[m[Kâ€™ has no member named â€˜[01m[Kget_logger[m[Kâ€™
[01m[K/home/omer/Desktop/dev_ws/src/publisher_package/src/publisher_node.cpp:13:13:[m[K [01;31m[Kerror: [m[Ktemplate argument 1 is invalid
   13 |             [01;31m[KRCLCPP_INFO[m[K(this->get_logger(), "Publisher Example");
      |             [01;31m[K^~~~~~~~~~~[m[K
[01m[K/home/omer/Desktop/dev_ws/src/publisher_package/src/publisher_node.cpp:13:13:[m[K [01;31m[Kerror: [m[Kâ€˜[01m[K<declaration error>[m[Kâ€™ is not a template [[01;31m[K]8;;https://gcc.gnu.org/onlinedocs/gcc/Warning-Options.html#index-fpermissive-fpermissive]8;;[m[K]
   13 |             [01;31m[KRCLCPP_INFO[m[K(this->get_logger(), "Publisher Example");
      |             [01;31m[K^~~~~~~~~~~[m[K
[01m[K/home/omer/Desktop/dev_ws/src/publisher_package/src/publisher_node.cpp:13:13:[m[K [01;31m[Kerror: [m[Ktemplate argument 1 is invalid
   13 |             [01;31m[KRCLCPP_INFO[m[K(this->get_logger(), "Publisher Example");
      |             [01;31m[K^~~~~~~~~~~[m[K
[01m[K/home/omer/Desktop/dev_ws/src/publisher_package/src/publisher_node.cpp:13:13:[m[K [01;31m[Kerror: [m[Kâ€˜[01m[K<declaration error>[m[Kâ€™ is not a template [[01;31m[K]8;;https://gcc.gnu.org/onlinedocs/gcc/Warning-Options.html#index-fpermissive-fpermissive]8;;[m[K]
   13 |             [01;31m[KRCLCPP_INFO[m[K(this->get_logger(), "Publisher Example");
      |             [01;31m[K^~~~~~~~~~~[m[K
[01m[K/home/omer/Desktop/dev_ws/src/publisher_package/src/publisher_node.cpp:13:13:[m[K [01;31m[Kerror: [m[Ktemplate argument 1 is invalid
   13 |             [01;31m[KRCLCPP_INFO[m[K(this->get_logger(), "Publisher Example");
      |             [01;31m[K^~~~~~~~~~~[m[K
In file included from [01m[K/opt/ros/humble/include/rclcpp/rclcpp/logging.hpp:24[m[K,
                 from [01m[K/opt/ros/humble/include/rclcpp/rclcpp/client.hpp:40[m[K,
                 from [01m[K/opt/ros/humble/include/rclcpp/rclcpp/callback_group.hpp:23[m[K,
                 from [01m[K/opt/ros/humble/include/rclcpp/rclcpp/any_executable.hpp:20[m[K,
                 from [01m[K/opt/ros/humble/include/rclcpp/rclcpp/memory_strategy.hpp:25[m[K,
                 from [01m[K/opt/ros/humble/include/rclcpp/rclcpp/memory_strategies.hpp:18[m[K,
                 from [01m[K/opt/ros/humble/include/rclcpp/rclcpp/executor_options.hpp:20[m[K,
                 from [01m[K/opt/ros/humble/include/rclcpp/rclcpp/executor.hpp:37[m[K,
                 from [01m[K/opt/ros/humble/include/rclcpp/rclcpp/executors/multi_threaded_executor.hpp:25[m[K,
                 from [01m[K/opt/ros/humble/include/rclcpp/rclcpp/executors.hpp:21[m[K,
                 from [01m[K/opt/ros/humble/include/rclcpp/rclcpp/rclcpp.hpp:155[m[K,
                 from [01m[K/home/omer/Desktop/dev_ws/src/publisher_package/src/publisher_node.cpp:1[m[K:
[01m[K/home/omer/Desktop/dev_ws/src/publisher_package/src/publisher_node.cpp:13:31:[m[K [01;31m[Kerror: [m[Kâ€˜[01m[Kclass publisher_node[m[Kâ€™ has no member named â€˜[01m[Kget_logger[m[Kâ€™
   13 |             RCLCPP_INFO(this->[01;31m[Kget_logger[m[K(), "Publisher Example");
      |                               [01;31m[K^~~~~~~~~~[m[K
[01m[K/home/omer/Desktop/dev_ws/src/publisher_package/src/publisher_node.cpp:13:31:[m[K [01;31m[Kerror: [m[Kâ€˜[01m[Kclass publisher_node[m[Kâ€™ has no member named â€˜[01m[Kget_logger[m[Kâ€™
   13 |             RCLCPP_INFO(this->[01;31m[Kget_logger[m[K(), "Publisher Example");
      |                               [01;31m[K^~~~~~~~~~[m[K
[01m[K/home/omer/Desktop/dev_ws/src/publisher_package/src/publisher_node.cpp:14:9:[m[K [01;35m[Kwarning: [m[Kno return statement in function returning non-void [[01;35m[K]8;;https://gcc.gnu.org/onlinedocs/gcc/Warning-Options.html#index-Wreturn-type-Wreturn-type]8;;[m[K]
   14 |         [01;35m[K}[m[K
      |         [01;35m[K^[m[K
[01m[K/home/omer/Desktop/dev_ws/src/publisher_package/src/publisher_node.cpp:[m[K In member function â€˜[01m[Kvoid publisher_node::callBack()[m[Kâ€™:
[01m[K/home/omer/Desktop/dev_ws/src/publisher_package/src/publisher_node.cpp:21:36:[m[K [01;31m[Kerror: [m[Kâ€˜[01m[Kfrom[m[Kâ€™ was not declared in this scope; did you mean â€˜[01m[Kfromfp[m[Kâ€™?
   21 |                                    [01;31m[Kfrom[m[K publisher", counter_);
      |                                    [01;31m[K^~~~[m[K
      |                                    [32m[Kfromfp[m[K
[01m[K/home/omer/Desktop/dev_ws/src/publisher_package/src/publisher_node.cpp:[m[K At global scope:
[01m[K/home/omer/Desktop/dev_ws/src/publisher_package/src/publisher_node.cpp:31:5:[m[K [01;31m[Kerror: [m[Kcannot declare â€˜[01m[K::main[m[Kâ€™ to be a global variable
   31 | int [01;31m[Kmain[m[K(argc, char argv**){
      |     [01;31m[K^~~~[m[K
[01m[K/home/omer/Desktop/dev_ws/src/publisher_package/src/publisher_node.cpp:31:10:[m[K [01;31m[Kerror: [m[Kâ€˜[01m[Kargc[m[Kâ€™ was not declared in this scope
   31 | int main([01;31m[Kargc[m[K, char argv**){
      |          [01;31m[K^~~~[m[K
[01m[K/home/omer/Desktop/dev_ws/src/publisher_package/src/publisher_node.cpp:31:16:[m[K [01;31m[Kerror: [m[Kexpected primary-expression before â€˜[01m[Kchar[m[Kâ€™
   31 | int main(argc, [01;31m[Kchar[m[K argv**){
      |                [01;31m[K^~~~[m[K
[01m[K/home/omer/Desktop/dev_ws/src/publisher_package/src/publisher_node.cpp:31:27:[m[K [01;31m[Kerror: [m[Kexpression list treated as compound expression in initializer [[01;31m[K]8;;https://gcc.gnu.org/onlinedocs/gcc/Warning-Options.html#index-fpermissive-fpermissive]8;;[m[K]
   31 | int main(argc, char argv**[01;31m[K)[m[K{
      |                           [01;31m[K^[m[K
gmake[2]: *** [CMakeFiles/talker.dir/build.make:76: CMakeFiles/talker.dir/src/publisher_node.cpp.o] Error 1
gmake[1]: *** [CMakeFiles/Makefile2:137: CMakeFiles/talker.dir/all] Error 2
gmake: *** [Makefile:146: all] Error 2
