[0.012s] Invoking command in '/home/omer/Desktop/dev_ws/build/publisher_package': CMAKE_PREFIX_PATH=/opt/ros/humble /usr/bin/cmake --build /home/omer/Desktop/dev_ws/build/publisher_package -- -j8 -l8
[0.042s] [35m[1mConsolidate compiler generated dependencies of target talker[0m
[0.056s] [ 50%] [32mBuilding CXX object CMakeFiles/talker.dir/src/publisher_node.cpp.o[0m
[0.250s] [01m[K/home/omer/Desktop/dev_ws/src/publisher_package/src/publisher_node.cpp:20:36:[m[K [01;35m[Kwarning: [m[Kmissing terminating " character
[0.250s]    20 | data = std::string([01;35m[K"[m[KThis mesagge is %d. publishing message
[0.251s]       |                    [01;35m[K^[m[K
[0.251s] 
[0.251s] [01m[K/home/omer/Desktop/dev_ws/src/publisher_package/src/publisher_node.cpp:20:36:[m[K [01;31m[Kerror: [m[Kmissing terminating " character
[0.251s]    20 | data = std::string([01;31m[K"This mesagge is %d. publishing message[m[K
[0.251s]       |                    [01;31m[K^~~~~~~~~~~~~~~~~~~~~~~~~~~~~~~~~~~~~~~[m[K
[0.251s] 
[0.251s] [01m[K/home/omer/Desktop/dev_ws/src/publisher_package/src/publisher_node.cpp:21:50:[m[K [01;35m[Kwarning: [m[Kmissing terminating " character
[0.251s]    21 |      from publisher[01;35m[K"[m[K, counter_);
[0.251s]       |                    [01;35m[K^[m[K
[0.251s] 
[0.252s] [01m[K/home/omer/Desktop/dev_ws/src/publisher_package/src/publisher_node.cpp:21:50:[m[K [01;31m[Kerror: [m[Kmissing terminating " character
[0.252s]    21 |      from publisher[01;31m[K", counter_);[m[K
[0.252s]       |                    [01;31m[K^~~~~~~~~~~~~[m[K
[0.252s] 
[2.276s] [01m[K/home/omer/Desktop/dev_ws/src/publisher_package/src/publisher_node.cpp:6:1:[m[K [01;31m[Kerror: [m[Kexpected class-name before â€˜[01m[K{[m[Kâ€™ token
[2.276s]     6 | [01;31m[K{[m[K
[2.276s]       | [01;31m[K^[m[K
[2.276s] [01m[K/home/omer/Desktop/dev_ws/src/publisher_package/src/publisher_node.cpp:8:9:[m[K [01;31m[Kerror: [m[KISO C++ forbids declaration of â€˜[01m[Kpublisher[m[Kâ€™ with no type [[01;31m[K]8;;https://gcc.gnu.org/onlinedocs/gcc/Warning-Options.html#index-fpermissive-fpermissive]8;;[m[K]
[2.276s]     8 |         [01;31m[Kpublisher[m[K(): Node(publisher), counter_(1){
[2.276s]       |         [01;31m[K^~~~~~~~~[m[K
[2.279s] [01m[K/home/omer/Desktop/dev_ws/src/publisher_package/src/publisher_node.cpp:[m[K In member function â€˜[01m[Kint publisher_node::publisher()[m[Kâ€™:
[2.279s] [01m[K/home/omer/Desktop/dev_ws/src/publisher_package/src/publisher_node.cpp:8:22:[m[K [01;31m[Kerror: [m[Konly constructors take member initializers
[2.279s]     8 |       publisher(): [01;31m[KNode[m[K(publisher), counter_(1){
[2.279s]       |                    [01;31m[K^~~~[m[K
[2.279s] 
[2.280s] [01m[K/home/omer/Desktop/dev_ws/src/publisher_package/src/publisher_node.cpp:8:22:[m[K [01;31m[Kerror: [m[Kclass â€˜[01m[Kpublisher_node[m[Kâ€™ does not have any field named â€˜[01m[KNode[m[Kâ€™
[2.280s] [01m[K/home/omer/Desktop/dev_ws/src/publisher_package/src/publisher_node.cpp:9:33:[m[K [01;31m[Kerror: [m[Kâ€˜[01m[Kclass publisher_node[m[Kâ€™ has no member named â€˜[01m[Kcreate_publisher[m[Kâ€™
[2.280s]     9 | ublisher_ = this-> [01;31m[Kcreate_publisher[m[K<example_interfaces::msg
[2.280s]       |                    [01;31m[K^~~~~~~~~~~~~~~~[m[K
[2.280s] 
[2.280s] [01m[K/home/omer/Desktop/dev_ws/src/publisher_package/src/publisher_node.cpp:10:21:[m[K [01;31m[Kerror: [m[Kexpected primary-expression before â€˜[01m[K>[m[Kâ€™ token
[2.280s]    10 |            ::String[01;31m[K>[m[K("publisher_topic", 10);
[2.280s]       |                    [01;31m[K^[m[K
[2.280s] 
[2.280s] [01m[K/home/omer/Desktop/dev_ws/src/publisher_package/src/publisher_node.cpp:10:23:[m[K [01;35m[Kwarning: [m[Kleft operand of comma operator has no effect [[01;35m[K]8;;https://gcc.gnu.org/onlinedocs/gcc/Warning-Options.html#index-Wunused-value-Wunused-value]8;;[m[K]
[2.280s]    10 |          ::String>([01;35m[K"publisher_topic"[m[K, 10);
[2.280s]       |                    [01;35m[K^~~~~~~~~~~~~~~~~[m[K
[2.280s] 
[2.280s] [01m[K/home/omer/Desktop/dev_ws/src/publisher_package/src/publisher_node.cpp:11:30:[m[K [01;31m[Kerror: [m[Kâ€˜[01m[Kclass publisher_node[m[Kâ€™ has no member named â€˜[01m[Kcreate_wall_timer[m[Kâ€™
[2.281s]    11 |   timer_ = this -> [01;31m[Kcreate_wall_timer[m[K(std::chrono::milliseconds(1),
[2.281s]       |                    [01;31m[K^~~~~~~~~~~~~~~~~[m[K
[2.281s] 
[2.281s] [01m[K/home/omer/Desktop/dev_ws/src/publisher_package/src/publisher_node.cpp:12:59:[m[K [01;31m[Kerror: [m[Kâ€˜[01m[Kpublisher[m[Kâ€™ is not a class, namespace, or enumeration
[2.281s]    12 |         std::bind(&[01;31m[Kpublisher[m[K::callBack,this));
[2.281s]       |                    [01;31m[K^~~~~~~~~[m[K
[2.281s] 
[2.281s] In file included from [01m[K/opt/ros/humble/include/rclcpp/rclcpp/client.hpp:40[m[K,
[2.281s]                  from [01m[K/opt/ros/humble/include/rclcpp/rclcpp/callback_group.hpp:23[m[K,
[2.281s]                  from [01m[K/opt/ros/humble/include/rclcpp/rclcpp/any_executable.hpp:20[m[K,
[2.281s]                  from [01m[K/opt/ros/humble/include/rclcpp/rclcpp/memory_strategy.hpp:25[m[K,
[2.281s]                  from [01m[K/opt/ros/humble/include/rclcpp/rclcpp/memory_strategies.hpp:18[m[K,
[2.281s]                  from [01m[K/opt/ros/humble/include/rclcpp/rclcpp/executor_options.hpp:20[m[K,
[2.281s]                  from [01m[K/opt/ros/humble/include/rclcpp/rclcpp/executor.hpp:37[m[K,
[2.282s]                  from [01m[K/opt/ros/humble/include/rclcpp/rclcpp/executors/multi_threaded_executor.hpp:25[m[K,
[2.282s]                  from [01m[K/opt/ros/humble/include/rclcpp/rclcpp/executors.hpp:21[m[K,
[2.282s]                  from [01m[K/opt/ros/humble/include/rclcpp/rclcpp/rclcpp.hpp:155[m[K,
[2.282s]                  from [01m[K/home/omer/Desktop/dev_ws/src/publisher_package/src/publisher_node.cpp:1[m[K:
[2.282s] [01m[K/home/omer/Desktop/dev_ws/src/publisher_package/src/publisher_node.cpp:13:31:[m[K [01;31m[Kerror: [m[Kâ€˜[01m[Kclass publisher_node[m[Kâ€™ has no member named â€˜[01m[Kget_logger[m[Kâ€™
[2.282s]    13 |  RCLCPP_INFO(this->[01;31m[Kget_logger[m[K(), "Publisher Example");
[2.282s]       |                    [01;31m[K^~~~~~~~~~[m[K
[2.282s] 
[2.282s] [01m[K/home/omer/Desktop/dev_ws/src/publisher_package/src/publisher_node.cpp:13:31:[m[K [01;31m[Kerror: [m[Kâ€˜[01m[Kclass publisher_node[m[Kâ€™ has no member named â€˜[01m[Kget_logger[m[Kâ€™
[2.282s] [01m[K/home/omer/Desktop/dev_ws/src/publisher_package/src/publisher_node.cpp:13:13:[m[K [01;31m[Kerror: [m[Ktemplate argument 1 is invalid
[2.282s]    13 |             [01;31m[KRCLCPP_INFO[m[K(this->get_logger(), "Publisher Example");
[2.282s]       |             [01;31m[K^~~~~~~~~~~[m[K
[2.282s] [01m[K/home/omer/Desktop/dev_ws/src/publisher_package/src/publisher_node.cpp:13:13:[m[K [01;31m[Kerror: [m[Kâ€˜[01m[K<declaration error>[m[Kâ€™ is not a template [[01;31m[K]8;;https://gcc.gnu.org/onlinedocs/gcc/Warning-Options.html#index-fpermissive-fpermissive]8;;[m[K]
[2.282s]    13 |             [01;31m[KRCLCPP_INFO[m[K(this->get_logger(), "Publisher Example");
[2.283s]       |             [01;31m[K^~~~~~~~~~~[m[K
[2.283s] [01m[K/home/omer/Desktop/dev_ws/src/publisher_package/src/publisher_node.cpp:13:13:[m[K [01;31m[Kerror: [m[Ktemplate argument 1 is invalid
[2.283s]    13 |             [01;31m[KRCLCPP_INFO[m[K(this->get_logger(), "Publisher Example");
[2.283s]       |             [01;31m[K^~~~~~~~~~~[m[K
[2.283s] [01m[K/home/omer/Desktop/dev_ws/src/publisher_package/src/publisher_node.cpp:13:13:[m[K [01;31m[Kerror: [m[Kâ€˜[01m[K<declaration error>[m[Kâ€™ is not a template [[01;31m[K]8;;https://gcc.gnu.org/onlinedocs/gcc/Warning-Options.html#index-fpermissive-fpermissive]8;;[m[K]
[2.283s]    13 |             [01;31m[KRCLCPP_INFO[m[K(this->get_logger(), "Publisher Example");
[2.283s]       |             [01;31m[K^~~~~~~~~~~[m[K
[2.283s] [01m[K/home/omer/Desktop/dev_ws/src/publisher_package/src/publisher_node.cpp:13:13:[m[K [01;31m[Kerror: [m[Ktemplate argument 1 is invalid
[2.283s]    13 |             [01;31m[KRCLCPP_INFO[m[K(this->get_logger(), "Publisher Example");
[2.283s]       |             [01;31m[K^~~~~~~~~~~[m[K
[2.283s] In file included from [01m[K/opt/ros/humble/include/rclcpp/rclcpp/logging.hpp:24[m[K,
[2.283s]                  from [01m[K/opt/ros/humble/include/rclcpp/rclcpp/client.hpp:40[m[K,
[2.283s]                  from [01m[K/opt/ros/humble/include/rclcpp/rclcpp/callback_group.hpp:23[m[K,
[2.283s]                  from [01m[K/opt/ros/humble/include/rclcpp/rclcpp/any_executable.hpp:20[m[K,
[2.284s]                  from [01m[K/opt/ros/humble/include/rclcpp/rclcpp/memory_strategy.hpp:25[m[K,
[2.284s]                  from [01m[K/opt/ros/humble/include/rclcpp/rclcpp/memory_strategies.hpp:18[m[K,
[2.284s]                  from [01m[K/opt/ros/humble/include/rclcpp/rclcpp/executor_options.hpp:20[m[K,
[2.284s]                  from [01m[K/opt/ros/humble/include/rclcpp/rclcpp/executor.hpp:37[m[K,
[2.284s]                  from [01m[K/opt/ros/humble/include/rclcpp/rclcpp/executors/multi_threaded_executor.hpp:25[m[K,
[2.284s]                  from [01m[K/opt/ros/humble/include/rclcpp/rclcpp/executors.hpp:21[m[K,
[2.284s]                  from [01m[K/opt/ros/humble/include/rclcpp/rclcpp/rclcpp.hpp:155[m[K,
[2.284s]                  from [01m[K/home/omer/Desktop/dev_ws/src/publisher_package/src/publisher_node.cpp:1[m[K:
[2.284s] [01m[K/home/omer/Desktop/dev_ws/src/publisher_package/src/publisher_node.cpp:13:31:[m[K [01;31m[Kerror: [m[Kâ€˜[01m[Kclass publisher_node[m[Kâ€™ has no member named â€˜[01m[Kget_logger[m[Kâ€™
[2.284s]    13 |  RCLCPP_INFO(this->[01;31m[Kget_logger[m[K(), "Publisher Example");
[2.284s]       |                    [01;31m[K^~~~~~~~~~[m[K
[2.284s] 
[2.285s] [01m[K/home/omer/Desktop/dev_ws/src/publisher_package/src/publisher_node.cpp:13:31:[m[K [01;31m[Kerror: [m[Kâ€˜[01m[Kclass publisher_node[m[Kâ€™ has no member named â€˜[01m[Kget_logger[m[Kâ€™
[2.285s]    13 |  RCLCPP_INFO(this->[01;31m[Kget_logger[m[K(), "Publisher Example");
[2.285s]       |                    [01;31m[K^~~~~~~~~~[m[K
[2.285s] 
[2.285s] [01m[K/home/omer/Desktop/dev_ws/src/publisher_package/src/publisher_node.cpp:14:9:[m[K [01;35m[Kwarning: [m[Kno return statement in function returning non-void [[01;35m[K]8;;https://gcc.gnu.org/onlinedocs/gcc/Warning-Options.html#index-Wreturn-type-Wreturn-type]8;;[m[K]
[2.285s]    14 |         [01;35m[K}[m[K
[2.285s]       |         [01;35m[K^[m[K
[2.285s] [01m[K/home/omer/Desktop/dev_ws/src/publisher_package/src/publisher_node.cpp:[m[K In member function â€˜[01m[Kvoid publisher_node::callBack()[m[Kâ€™:
[2.285s] [01m[K/home/omer/Desktop/dev_ws/src/publisher_package/src/publisher_node.cpp:21:36:[m[K [01;31m[Kerror: [m[Kâ€˜[01m[Kfrom[m[Kâ€™ was not declared in this scope; did you mean â€˜[01m[Kfromfp[m[Kâ€™?
[2.285s]    21 |                    [01;31m[Kfrom[m[K publisher", counter_);
[2.285s]       |                    [01;31m[K^~~~[m[K
[2.285s]       |                    [32m[Kfromfp[m[K
[2.285s] [01m[K/home/omer/Desktop/dev_ws/src/publisher_package/src/publisher_node.cpp:[m[K At global scope:
[2.285s] [01m[K/home/omer/Desktop/dev_ws/src/publisher_package/src/publisher_node.cpp:31:5:[m[K [01;31m[Kerror: [m[Kcannot declare â€˜[01m[K::main[m[Kâ€™ to be a global variable
[2.285s]    31 | int [01;31m[Kmain[m[K(argc, char argv**){
[2.286s]       |     [01;31m[K^~~~[m[K
[2.287s] [01m[K/home/omer/Desktop/dev_ws/src/publisher_package/src/publisher_node.cpp:31:10:[m[K [01;31m[Kerror: [m[Kâ€˜[01m[Kargc[m[Kâ€™ was not declared in this scope
[2.287s]    31 | int main([01;31m[Kargc[m[K, char argv**){
[2.287s]       |          [01;31m[K^~~~[m[K
[2.287s] [01m[K/home/omer/Desktop/dev_ws/src/publisher_package/src/publisher_node.cpp:31:16:[m[K [01;31m[Kerror: [m[Kexpected primary-expression before â€˜[01m[Kchar[m[Kâ€™
[2.287s]    31 | int main(argc, [01;31m[Kchar[m[K argv**){
[2.287s]       |                [01;31m[K^~~~[m[K
[2.287s] [01m[K/home/omer/Desktop/dev_ws/src/publisher_package/src/publisher_node.cpp:31:27:[m[K [01;31m[Kerror: [m[Kexpression list treated as compound expression in initializer [[01;31m[K]8;;https://gcc.gnu.org/onlinedocs/gcc/Warning-Options.html#index-fpermissive-fpermissive]8;;[m[K]
[2.287s]    31 | int main(argc, char argv**[01;31m[K)[m[K{
[2.287s]       |                           [01;31m[K^[m[K
[2.676s] gmake[2]: *** [CMakeFiles/talker.dir/build.make:76: CMakeFiles/talker.dir/src/publisher_node.cpp.o] Error 1
[2.676s] gmake[1]: *** [CMakeFiles/Makefile2:137: CMakeFiles/talker.dir/all] Error 2
[2.676s] gmake: *** [Makefile:146: all] Error 2
