[01m[K/home/omer/Desktop/dev_ws/src/sbus_demo/src/sbus.cpp:[m[K In member function â€˜[01m[Kvoid sbus_demo::callback()[m[Kâ€™:
[01m[K/home/omer/Desktop/dev_ws/src/sbus_demo/src/sbus.cpp:193:53:[m[K [01;31m[Kerror: [m[Kvoid value not ignored as it ought to be
  193 |             int *p = [01;31m[Ksbus.transmitSerialSbusMessages(&x[16])[m[K;
      |                      [01;31m[K~~~~~~~~~~~~~~~~~~~~~~~~~~~~~~~^~~~~~~~[m[K
[01m[K/home/omer/Desktop/dev_ws/src/sbus_demo/src/sbus.cpp:193:18:[m[K [01;35m[Kwarning: [m[Kunused variable â€˜[01m[Kp[m[Kâ€™ [[01;35m[K]8;;https://gcc.gnu.org/onlinedocs/gcc/Warning-Options.html#index-Wunused-variable-Wunused-variable]8;;[m[K]
  193 |             int *[01;35m[Kp[m[K = sbus.transmitSerialSbusMessages(&x[16]);
      |                  [01;35m[K^[m[K
gmake[2]: *** [CMakeFiles/sbus_demo.dir/build.make:76: CMakeFiles/sbus_demo.dir/src/sbus.cpp.o] Error 1
gmake[1]: *** [CMakeFiles/Makefile2:137: CMakeFiles/sbus_demo.dir/all] Error 2
gmake: *** [Makefile:146: all] Error 2
