[0.093s] Invoking command in '/home/omer/Desktop/dev_ws/build/sbus_demo': CMAKE_PREFIX_PATH=/opt/ros/humble /usr/bin/cmake --build /home/omer/Desktop/dev_ws/build/sbus_demo -- -j8 -l8
[0.390s] [35m[1mConsolidate compiler generated dependencies of target sbus_demo[0m
[0.433s] [ 50%] [32mBuilding CXX object CMakeFiles/sbus_demo.dir/src/sbus_demo.cpp.o[0m
[7.411s] [01m[K/home/omer/Desktop/dev_ws/src/sbus_demo/src/sbus_demo.cpp:[m[K In constructor â€˜[01m[Ksbus_demo::sbus_demo()[m[Kâ€™:
[7.411s] [01m[K/home/omer/Desktop/dev_ws/src/sbus_demo/src/sbus_demo.cpp:13:24:[m[K [01;31m[Kerror: [m[KISO C++ forbids taking the address of an unqualified or parenthesized non-static member function to form a pointer to member function.  Say â€˜[01m[K&sbus_demo::callback[m[Kâ€™ [[01;31m[K]8;;https://gcc.gnu.org/onlinedocs/gcc/Warning-Options.html#index-fpermissive-fpermissive]8;;[m[K]
[7.412s]    13 |             std::bind(&[01;31m[Kcallback[m[K,this));
[7.412s]       |                        [01;31m[K^~~~~~~~[m[K
[8.493s] gmake[2]: *** [CMakeFiles/sbus_demo.dir/build.make:76: CMakeFiles/sbus_demo.dir/src/sbus_demo.cpp.o] Error 1
[8.494s] gmake[1]: *** [CMakeFiles/Makefile2:137: CMakeFiles/sbus_demo.dir/all] Error 2
[8.494s] gmake: *** [Makefile:146: all] Error 2
[8.496s] Invoked command in '/home/omer/Desktop/dev_ws/build/sbus_demo' returned '2': CMAKE_PREFIX_PATH=/opt/ros/humble /usr/bin/cmake --build /home/omer/Desktop/dev_ws/build/sbus_demo -- -j8 -l8
