[01m[K/home/omer/Desktop/dev_ws/src/publisher_package/src/publisher_node.cpp:17:36:[m[K [01;35m[Kwarning: [m[Kmissing terminating " character
   17 |             msg.data = std::string([01;35m[K"[m[KThis mesagge is %d. publishing message
      |                                    [01;35m[K^[m[K
[01m[K/home/omer/Desktop/dev_ws/src/publisher_package/src/publisher_node.cpp:17:36:[m[K [01;31m[Kerror: [m[Kmissing terminating " character
   17 |             msg.data = std::string([01;31m[K"This mesagge is %d. publishing message[m[K
      |                                    [01;31m[K^~~~~~~~~~~~~~~~~~~~~~~~~~~~~~~~~~~~~~~[m[K
[01m[K/home/omer/Desktop/dev_ws/src/publisher_package/src/publisher_node.cpp:18:50:[m[K [01;35m[Kwarning: [m[Kmissing terminating " character
   18 |                                    from publisher[01;35m[K"[m[K, counter_);
      |                                                  [01;35m[K^[m[K
[01m[K/home/omer/Desktop/dev_ws/src/publisher_package/src/publisher_node.cpp:18:50:[m[K [01;31m[Kerror: [m[Kmissing terminating " character
   18 |                                    from publisher[01;31m[K", counter_);[m[K
      |                                                  [01;31m[K^~~~~~~~~~~~~[m[K
[01m[K/home/omer/Desktop/dev_ws/src/publisher_package/src/publisher_node.cpp:5:1:[m[K [01;31m[Kerror: [m[Kexpected class-name before â€˜[01m[K{[m[Kâ€™ token
    5 | [01;31m[K{[m[K
      | [01;31m[K^[m[K
[01m[K/home/omer/Desktop/dev_ws/src/publisher_package/src/publisher_node.cpp:7:9:[m[K [01;31m[Kerror: [m[KISO C++ forbids declaration of â€˜[01m[Kpublisher[m[Kâ€™ with no type [[01;31m[K]8;;https://gcc.gnu.org/onlinedocs/gcc/Warning-Options.html#index-fpermissive-fpermissive]8;;[m[K]
    7 |         [01;31m[Kpublisher[m[K(): Node(publisher_node), counter_(1){
      |         [01;31m[K^~~~~~~~~[m[K
[01m[K/home/omer/Desktop/dev_ws/src/publisher_package/src/publisher_node.cpp:[m[K In member function â€˜[01m[Kint publisher_node::publisher()[m[Kâ€™:
[01m[K/home/omer/Desktop/dev_ws/src/publisher_package/src/publisher_node.cpp:7:22:[m[K [01;31m[Kerror: [m[Konly constructors take member initializers
    7 |         publisher(): [01;31m[KNode[m[K(publisher_node), counter_(1){
      |                      [01;31m[K^~~~[m[K
[01m[K/home/omer/Desktop/dev_ws/src/publisher_package/src/publisher_node.cpp:7:22:[m[K [01;31m[Kerror: [m[Kclass â€˜[01m[Kpublisher_node[m[Kâ€™ does not have any field named â€˜[01m[KNode[m[Kâ€™
[01m[K/home/omer/Desktop/dev_ws/src/publisher_package/src/publisher_node.cpp:7:41:[m[K [01;31m[Kerror: [m[Kexpected primary-expression before â€˜[01m[K)[m[Kâ€™ token
    7 |         publisher(): Node(publisher_node[01;31m[K)[m[K, counter_(1){
      |                                         [01;31m[K^[m[K
[01m[K/home/omer/Desktop/dev_ws/src/publisher_package/src/publisher_node.cpp:8:33:[m[K [01;31m[Kerror: [m[Kâ€˜[01m[Kclass publisher_node[m[Kâ€™ has no member named â€˜[01m[Kcreate_publisher[m[Kâ€™
    8 |             publisher_ = this-> [01;31m[Kcreate_publisher[m[K<std_msgs::msg::String>("publisher_topic", 10);
      |                                 [01;31m[K^~~~~~~~~~~~~~~~[m[K
[01m[K/home/omer/Desktop/dev_ws/src/publisher_package/src/publisher_node.cpp:8:71:[m[K [01;31m[Kerror: [m[Kexpected primary-expression before â€˜[01m[K>[m[Kâ€™ token
    8 |             publisher_ = this-> create_publisher<std_msgs::msg::String[01;31m[K>[m[K("publisher_topic", 10);
      |                                                                       [01;31m[K^[m[K
[01m[K/home/omer/Desktop/dev_ws/src/publisher_package/src/publisher_node.cpp:8:73:[m[K [01;35m[Kwarning: [m[Kleft operand of comma operator has no effect [[01;35m[K]8;;https://gcc.gnu.org/onlinedocs/gcc/Warning-Options.html#index-Wunused-value-Wunused-value]8;;[m[K]
    8 |             publisher_ = this-> create_publisher<std_msgs::msg::String>([01;35m[K"publisher_topic"[m[K, 10);
      |                                                                         [01;35m[K^~~~~~~~~~~~~~~~~[m[K
[01m[K/home/omer/Desktop/dev_ws/src/publisher_package/src/publisher_node.cpp:9:30:[m[K [01;31m[Kerror: [m[Kâ€˜[01m[Kclass publisher_node[m[Kâ€™ has no member named â€˜[01m[Kcreate_wall_timer[m[Kâ€™
    9 |             timer_ = this -> [01;31m[Kcreate_wall_timer[m[K(std::chrono::milliseconds(1),
      |                              [01;31m[K^~~~~~~~~~~~~~~~~[m[K
[01m[K/home/omer/Desktop/dev_ws/src/publisher_package/src/publisher_node.cpp:11:9:[m[K [01;35m[Kwarning: [m[Kno return statement in function returning non-void [[01;35m[K]8;;https://gcc.gnu.org/onlinedocs/gcc/Warning-Options.html#index-Wreturn-type-Wreturn-type]8;;[m[K]
   11 |         [01;35m[K}[m[K
      |         [01;35m[K^[m[K
[01m[K/home/omer/Desktop/dev_ws/src/publisher_package/src/publisher_node.cpp:[m[K In member function â€˜[01m[Kvoid publisher_node::callBack()[m[Kâ€™:
[01m[K/home/omer/Desktop/dev_ws/src/publisher_package/src/publisher_node.cpp:18:36:[m[K [01;31m[Kerror: [m[Kâ€˜[01m[Kfrom[m[Kâ€™ was not declared in this scope; did you mean â€˜[01m[Kfromfp[m[Kâ€™?
   18 |                                    [01;31m[Kfrom[m[K publisher", counter_);
      |                                    [01;31m[K^~~~[m[K
      |                                    [32m[Kfromfp[m[K
[01m[K/home/omer/Desktop/dev_ws/src/publisher_package/src/publisher_node.cpp:[m[K At global scope:
[01m[K/home/omer/Desktop/dev_ws/src/publisher_package/src/publisher_node.cpp:28:5:[m[K [01;31m[Kerror: [m[Kcannot declare â€˜[01m[K::main[m[Kâ€™ to be a global variable
   28 | int [01;31m[Kmain[m[K(argc, char argv**){
      |     [01;31m[K^~~~[m[K
[01m[K/home/omer/Desktop/dev_ws/src/publisher_package/src/publisher_node.cpp:28:10:[m[K [01;31m[Kerror: [m[Kâ€˜[01m[Kargc[m[Kâ€™ was not declared in this scope
   28 | int main([01;31m[Kargc[m[K, char argv**){
      |          [01;31m[K^~~~[m[K
[01m[K/home/omer/Desktop/dev_ws/src/publisher_package/src/publisher_node.cpp:28:16:[m[K [01;31m[Kerror: [m[Kexpected primary-expression before â€˜[01m[Kchar[m[Kâ€™
   28 | int main(argc, [01;31m[Kchar[m[K argv**){
      |                [01;31m[K^~~~[m[K
[01m[K/home/omer/Desktop/dev_ws/src/publisher_package/src/publisher_node.cpp:28:27:[m[K [01;31m[Kerror: [m[Kexpression list treated as compound expression in initializer [[01;31m[K]8;;https://gcc.gnu.org/onlinedocs/gcc/Warning-Options.html#index-fpermissive-fpermissive]8;;[m[K]
   28 | int main(argc, char argv**[01;31m[K)[m[K{
      |                           [01;31m[K^[m[K
gmake[2]: *** [CMakeFiles/talker.dir/build.make:76: CMakeFiles/talker.dir/src/publisher_node.cpp.o] Error 1
gmake[1]: *** [CMakeFiles/Makefile2:137: CMakeFiles/talker.dir/all] Error 2
gmake: *** [Makefile:146: all] Error 2
