[0.013s] Invoking command in '/home/omer/Desktop/dev_ws/build/publisher_package': CMAKE_PREFIX_PATH=/opt/ros/humble /usr/bin/cmake --build /home/omer/Desktop/dev_ws/build/publisher_package -- -j8 -l8
[0.033s] -- Found ament_cmake: 1.3.2 (/opt/ros/humble/share/ament_cmake/cmake)
[0.166s] -- Found rclcpp: 16.0.1 (/opt/ros/humble/share/rclcpp/cmake)
[0.194s] -- Found rosidl_generator_c: 3.1.3 (/opt/ros/humble/share/rosidl_generator_c/cmake)
[0.197s] -- Found rosidl_adapter: 3.1.3 (/opt/ros/humble/share/rosidl_adapter/cmake)
[0.202s] -- Found rosidl_generator_cpp: 3.1.3 (/opt/ros/humble/share/rosidl_generator_cpp/cmake)
[0.212s] -- Using all available rosidl_typesupport_c: rosidl_typesupport_fastrtps_c;rosidl_typesupport_introspection_c
[0.227s] -- Using all available rosidl_typesupport_cpp: rosidl_typesupport_fastrtps_cpp;rosidl_typesupport_introspection_cpp
[0.284s] -- Found rmw_implementation_cmake: 6.1.0 (/opt/ros/humble/share/rmw_implementation_cmake/cmake)
[0.285s] -- Found rmw_fastrtps_cpp: 6.2.1 (/opt/ros/humble/share/rmw_fastrtps_cpp/cmake)
[0.385s] -- Using RMW implementation 'rmw_fastrtps_cpp' as default
[0.580s] -- Configuring done
[0.587s] -- Generating done
[0.589s] -- Build files have been written to: /home/omer/Desktop/dev_ws/build/publisher_package
[0.607s] [35m[1mConsolidate compiler generated dependencies of target talker[0m
[0.621s] [ 50%] [32mBuilding CXX object CMakeFiles/talker.dir/src/publisher_node.cpp.o[0m
[0.873s] [01m[K/home/omer/Desktop/dev_ws/src/publisher_package/src/publisher_node.cpp:17:36:[m[K [01;35m[Kwarning: [m[Kmissing terminating " character
[0.873s]    17 |             msg.data = std::string([01;35m[K"[m[KThis mesagge is %d. publishing message
[0.874s]       |                                    [01;35m[K^[m[K
[0.874s] [01m[K/home/omer/Desktop/dev_ws/src/publisher_package/src/publisher_node.cpp:17:36:[m[K [01;31m[Kerror: [m[Kmissing terminating " character
[0.874s]    17 |             msg.data = std::string([01;31m[K"This mesagge is %d. publishing message[m[K
[0.874s]       |                                    [01;31m[K^~~~~~~~~~~~~~~~~~~~~~~~~~~~~~~~~~~~~~~[m[K
[0.875s] [01m[K/home/omer/Desktop/dev_ws/src/publisher_package/src/publisher_node.cpp:18:50:[m[K [01;35m[Kwarning: [m[Kmissing terminating " character
[0.875s]    18 |                                    from publisher[01;35m[K"[m[K, counter_);
[0.875s]       |                                                  [01;35m[K^[m[K
[0.876s] [01m[K/home/omer/Desktop/dev_ws/src/publisher_package/src/publisher_node.cpp:18:50:[m[K [01;31m[Kerror: [m[Kmissing terminating " character
[0.876s]    18 |                                    from publisher[01;31m[K", counter_);[m[K
[0.876s]       |                                                  [01;31m[K^~~~~~~~~~~~~[m[K
[2.708s] [01m[K/home/omer/Desktop/dev_ws/src/publisher_package/src/publisher_node.cpp:5:1:[m[K [01;31m[Kerror: [m[Kexpected class-name before â€˜[01m[K{[m[Kâ€™ token
[2.708s]     5 | [01;31m[K{[m[K
[2.708s]       | [01;31m[K^[m[K
[2.708s] [01m[K/home/omer/Desktop/dev_ws/src/publisher_package/src/publisher_node.cpp:7:9:[m[K [01;31m[Kerror: [m[KISO C++ forbids declaration of â€˜[01m[Kpublisher[m[Kâ€™ with no type [[01;31m[K]8;;https://gcc.gnu.org/onlinedocs/gcc/Warning-Options.html#index-fpermissive-fpermissive]8;;[m[K]
[2.708s]     7 |         [01;31m[Kpublisher[m[K(): Node(publisher_node), counter_(1){
[2.708s]       |         [01;31m[K^~~~~~~~~[m[K
[2.711s] [01m[K/home/omer/Desktop/dev_ws/src/publisher_package/src/publisher_node.cpp:[m[K In member function â€˜[01m[Kint publisher_node::publisher()[m[Kâ€™:
[2.711s] [01m[K/home/omer/Desktop/dev_ws/src/publisher_package/src/publisher_node.cpp:7:22:[m[K [01;31m[Kerror: [m[Konly constructors take member initializers
[2.711s]     7 |         publisher(): [01;31m[KNode[m[K(publisher_node), counter_(1){
[2.711s]       |                      [01;31m[K^~~~[m[K
[2.711s] [01m[K/home/omer/Desktop/dev_ws/src/publisher_package/src/publisher_node.cpp:7:22:[m[K [01;31m[Kerror: [m[Kclass â€˜[01m[Kpublisher_node[m[Kâ€™ does not have any field named â€˜[01m[KNode[m[Kâ€™
[2.711s] [01m[K/home/omer/Desktop/dev_ws/src/publisher_package/src/publisher_node.cpp:7:41:[m[K [01;31m[Kerror: [m[Kexpected primary-expression before â€˜[01m[K)[m[Kâ€™ token
[2.712s]     7 |         publisher(): Node(publisher_node[01;31m[K)[m[K, counter_(1){
[2.712s]       |                                         [01;31m[K^[m[K
[2.712s] [01m[K/home/omer/Desktop/dev_ws/src/publisher_package/src/publisher_node.cpp:8:33:[m[K [01;31m[Kerror: [m[Kâ€˜[01m[Kclass publisher_node[m[Kâ€™ has no member named â€˜[01m[Kcreate_publisher[m[Kâ€™
[2.712s]     8 |             publisher_ = this-> [01;31m[Kcreate_publisher[m[K<std_msgs::msg::String>("publisher_topic", 10);
[2.712s]       |                                 [01;31m[K^~~~~~~~~~~~~~~~[m[K
[2.712s] [01m[K/home/omer/Desktop/dev_ws/src/publisher_package/src/publisher_node.cpp:8:71:[m[K [01;31m[Kerror: [m[Kexpected primary-expression before â€˜[01m[K>[m[Kâ€™ token
[2.712s]     8 |             publisher_ = this-> create_publisher<std_msgs::msg::String[01;31m[K>[m[K("publisher_topic", 10);
[2.712s]       |                                                                       [01;31m[K^[m[K
[2.712s] [01m[K/home/omer/Desktop/dev_ws/src/publisher_package/src/publisher_node.cpp:8:73:[m[K [01;35m[Kwarning: [m[Kleft operand of comma operator has no effect [[01;35m[K]8;;https://gcc.gnu.org/onlinedocs/gcc/Warning-Options.html#index-Wunused-value-Wunused-value]8;;[m[K]
[2.712s]     8 |             publisher_ = this-> create_publisher<std_msgs::msg::String>([01;35m[K"publisher_topic"[m[K, 10);
[2.712s]       |                                                                         [01;35m[K^~~~~~~~~~~~~~~~~[m[K
[2.712s] [01m[K/home/omer/Desktop/dev_ws/src/publisher_package/src/publisher_node.cpp:9:30:[m[K [01;31m[Kerror: [m[Kâ€˜[01m[Kclass publisher_node[m[Kâ€™ has no member named â€˜[01m[Kcreate_wall_timer[m[Kâ€™
[2.712s]     9 |             timer_ = this -> [01;31m[Kcreate_wall_timer[m[K(std::chrono::milliseconds(1),
[2.712s]       |                              [01;31m[K^~~~~~~~~~~~~~~~~[m[K
[2.714s] [01m[K/home/omer/Desktop/dev_ws/src/publisher_package/src/publisher_node.cpp:11:9:[m[K [01;35m[Kwarning: [m[Kno return statement in function returning non-void [[01;35m[K]8;;https://gcc.gnu.org/onlinedocs/gcc/Warning-Options.html#index-Wreturn-type-Wreturn-type]8;;[m[K]
[2.714s]    11 |         [01;35m[K}[m[K
[2.715s]       |         [01;35m[K^[m[K
[2.719s] [01m[K/home/omer/Desktop/dev_ws/src/publisher_package/src/publisher_node.cpp:[m[K In member function â€˜[01m[Kvoid publisher_node::callBack()[m[Kâ€™:
[2.719s] [01m[K/home/omer/Desktop/dev_ws/src/publisher_package/src/publisher_node.cpp:18:36:[m[K [01;31m[Kerror: [m[Kâ€˜[01m[Kfrom[m[Kâ€™ was not declared in this scope; did you mean â€˜[01m[Kfromfp[m[Kâ€™?
[2.719s]    18 |                                    [01;31m[Kfrom[m[K publisher", counter_);
[2.719s]       |                                    [01;31m[K^~~~[m[K
[2.719s]       |                                    [32m[Kfromfp[m[K
[2.719s] [01m[K/home/omer/Desktop/dev_ws/src/publisher_package/src/publisher_node.cpp:[m[K At global scope:
[2.719s] [01m[K/home/omer/Desktop/dev_ws/src/publisher_package/src/publisher_node.cpp:28:5:[m[K [01;31m[Kerror: [m[Kcannot declare â€˜[01m[K::main[m[Kâ€™ to be a global variable
[2.719s]    28 | int [01;31m[Kmain[m[K(argc, char argv**){
[2.719s]       |     [01;31m[K^~~~[m[K
[2.721s] [01m[K/home/omer/Desktop/dev_ws/src/publisher_package/src/publisher_node.cpp:28:10:[m[K [01;31m[Kerror: [m[Kâ€˜[01m[Kargc[m[Kâ€™ was not declared in this scope
[2.721s]    28 | int main([01;31m[Kargc[m[K, char argv**){
[2.722s]       |          [01;31m[K^~~~[m[K
[2.722s] [01m[K/home/omer/Desktop/dev_ws/src/publisher_package/src/publisher_node.cpp:28:16:[m[K [01;31m[Kerror: [m[Kexpected primary-expression before â€˜[01m[Kchar[m[Kâ€™
[2.722s]    28 | int main(argc, [01;31m[Kchar[m[K argv**){
[2.722s]       |                [01;31m[K^~~~[m[K
[2.722s] [01m[K/home/omer/Desktop/dev_ws/src/publisher_package/src/publisher_node.cpp:28:27:[m[K [01;31m[Kerror: [m[Kexpression list treated as compound expression in initializer [[01;31m[K]8;;https://gcc.gnu.org/onlinedocs/gcc/Warning-Options.html#index-fpermissive-fpermissive]8;;[m[K]
[2.722s]    28 | int main(argc, char argv**[01;31m[K)[m[K{
[2.722s]       |                           [01;31m[K^[m[K
[3.099s] gmake[2]: *** [CMakeFiles/talker.dir/build.make:76: CMakeFiles/talker.dir/src/publisher_node.cpp.o] Error 1
[3.099s] gmake[1]: *** [CMakeFiles/Makefile2:137: CMakeFiles/talker.dir/all] Error 2
[3.099s] gmake: *** [Makefile:146: all] Error 2
[3.101s] Invoked command in '/home/omer/Desktop/dev_ws/build/publisher_package' returned '2': CMAKE_PREFIX_PATH=/opt/ros/humble /usr/bin/cmake --build /home/omer/Desktop/dev_ws/build/publisher_package -- -j8 -l8
