[35m[1mConsolidate compiler generated dependencies of target sbus_demo[0m
[ 50%] [32mBuilding CXX object CMakeFiles/sbus_demo.dir/src/sbus.cpp.o[0m
[100%] [32m[1mLinking CXX executable sbus_demo[0m
/usr/bin/ld: CMakeFiles/sbus_demo.dir/src/sbus.cpp.o: in function `__static_initialization_and_destruction_0(int, int)':
sbus.cpp:(.text+0x76c): undefined reference to `SBUS::sbus::sbus()'
collect2: error: ld returned 1 exit status
gmake[2]: *** [CMakeFiles/sbus_demo.dir/build.make:159: sbus_demo] Error 1
gmake[1]: *** [CMakeFiles/Makefile2:137: CMakeFiles/sbus_demo.dir/all] Error 2
gmake: *** [Makefile:146: all] Error 2
