-- Found ament_cmake: 1.3.2 (/opt/ros/humble/share/ament_cmake/cmake)
-- Found rclcpp: 16.0.1 (/opt/ros/humble/share/rclcpp/cmake)
-- Found rosidl_generator_c: 3.1.3 (/opt/ros/humble/share/rosidl_generator_c/cmake)
-- Found rosidl_adapter: 3.1.3 (/opt/ros/humble/share/rosidl_adapter/cmake)
-- Found rosidl_generator_cpp: 3.1.3 (/opt/ros/humble/share/rosidl_generator_cpp/cmake)
-- Using all available rosidl_typesupport_c: rosidl_typesupport_fastrtps_c;rosidl_typesupport_introspection_c
-- Using all available rosidl_typesupport_cpp: rosidl_typesupport_fastrtps_cpp;rosidl_typesupport_introspection_cpp
-- Found rmw_implementation_cmake: 6.1.0 (/opt/ros/humble/share/rmw_implementation_cmake/cmake)
-- Found rmw_fastrtps_cpp: 6.2.1 (/opt/ros/humble/share/rmw_fastrtps_cpp/cmake)
-- Using RMW implementation 'rmw_fastrtps_cpp' as default
-- Configuring done
-- Generating done
-- Build files have been written to: /home/omer/Desktop/dev_ws/build/publisher_package
[35m[1mConsolidate compiler generated dependencies of target talker[0m
[ 25%] [32mBuilding CXX object CMakeFiles/listener.dir/src/subscriber_node.cpp.o[0m
[ 75%] Built target talker
[01m[K/home/omer/Desktop/dev_ws/src/publisher_package/src/subscriber_node.cpp:12:29:[m[K [01;31m[Kerror: [m[Kâ€˜[01m[Kstd_msg[m[Kâ€™ does not name a type
   12 |         void callBack(const [01;31m[Kstd_msg[m[K::msg::String::SharedPtr message){
      |                             [01;31m[K^~~~~~~[m[K
[01m[K/home/omer/Desktop/dev_ws/src/publisher_package/src/subscriber_node.cpp:12:41:[m[K [01;31m[Kerror: [m[Kexpected unqualified-id before â€˜[01m[K::[m[Kâ€™ token
   12 |         void callBack(const std_msg::msg[01;31m[K::[m[KString::SharedPtr message){
      |                                         [01;31m[K^~[m[K
[01m[K/home/omer/Desktop/dev_ws/src/publisher_package/src/subscriber_node.cpp:12:41:[m[K [01;31m[Kerror: [m[Kexpected â€˜[01m[K)[m[Kâ€™ before â€˜[01m[K::[m[Kâ€™ token
   12 |         void callBack[34m[K([m[Kconst std_msg::msg[01;31m[K:[m[K[32m[K:[m[KString::SharedPtr message){
      |                      [34m[K~[m[K                  [01;31m[K^[m[K[32m[K~[m[K
      |                                         [32m[K)[m[K
[01m[K/home/omer/Desktop/dev_ws/src/publisher_package/src/subscriber_node.cpp:12:38:[m[K [01;31m[Kerror: [m[Kexpected â€˜[01m[K;[m[Kâ€™ at end of member declaration
   12 |         void callBack(const std_msg::[01;31m[Kmsg[m[K::String::SharedPtr message){
      |                                      [01;31m[K^~~[m[K
      |                                         [32m[K;[m[K
[01m[K/home/omer/Desktop/dev_ws/src/publisher_package/src/subscriber_node.cpp:12:43:[m[K [01;31m[Kerror: [m[Kâ€˜[01m[KString[m[Kâ€™ in namespace â€˜[01m[K::[m[Kâ€™ does not name a type
   12 |         void callBack(const std_msg::msg::[01;31m[KString[m[K::SharedPtr message){
      |                                           [01;31m[K^~~~~~[m[K
[01m[K/home/omer/Desktop/dev_ws/src/publisher_package/src/subscriber_node.cpp:[m[K In constructor â€˜[01m[Ksubscriber_node::subscriber_node()[m[Kâ€™:
[01m[K/home/omer/Desktop/dev_ws/src/publisher_package/src/subscriber_node.cpp:8:59:[m[K [01;31m[Kerror: [m[Kexpected primary-expression before â€˜[01m[K,[m[Kâ€™ token
    8 |                                 std::bind(&subscriber_node[01;31m[K,[m[Kthis,std::placeholders::_1);
      |                                                           [01;31m[K^[m[K
gmake[2]: *** [CMakeFiles/listener.dir/build.make:76: CMakeFiles/listener.dir/src/subscriber_node.cpp.o] Error 1
gmake[1]: *** [CMakeFiles/Makefile2:165: CMakeFiles/listener.dir/all] Error 2
gmake: *** [Makefile:146: all] Error 2
