[0.013s] Invoking command in '/home/omer/Desktop/dev_ws/build/publisher_package': CMAKE_PREFIX_PATH=/opt/ros/humble /usr/bin/cmake --build /home/omer/Desktop/dev_ws/build/publisher_package -- -j8 -l8
[0.031s] -- Found ament_cmake: 1.3.2 (/opt/ros/humble/share/ament_cmake/cmake)
[0.157s] -- Found rclcpp: 16.0.1 (/opt/ros/humble/share/rclcpp/cmake)
[0.186s] -- Found rosidl_generator_c: 3.1.3 (/opt/ros/humble/share/rosidl_generator_c/cmake)
[0.188s] -- Found rosidl_adapter: 3.1.3 (/opt/ros/humble/share/rosidl_adapter/cmake)
[0.195s] -- Found rosidl_generator_cpp: 3.1.3 (/opt/ros/humble/share/rosidl_generator_cpp/cmake)
[0.206s] -- Using all available rosidl_typesupport_c: rosidl_typesupport_fastrtps_c;rosidl_typesupport_introspection_c
[0.220s] -- Using all available rosidl_typesupport_cpp: rosidl_typesupport_fastrtps_cpp;rosidl_typesupport_introspection_cpp
[0.275s] -- Found rmw_implementation_cmake: 6.1.0 (/opt/ros/humble/share/rmw_implementation_cmake/cmake)
[0.276s] -- Found rmw_fastrtps_cpp: 6.2.1 (/opt/ros/humble/share/rmw_fastrtps_cpp/cmake)
[0.374s] -- Using RMW implementation 'rmw_fastrtps_cpp' as default
[0.571s] -- Configuring done
[0.709s] -- Generating done
[0.716s] -- Build files have been written to: /home/omer/Desktop/dev_ws/build/publisher_package
[0.754s] [35m[1mConsolidate compiler generated dependencies of target talker[0m
[0.761s] [ 25%] [32mBuilding CXX object CMakeFiles/listener.dir/src/subscriber_node.cpp.o[0m
[0.769s] [ 75%] Built target talker
[2.739s] [01m[K/home/omer/Desktop/dev_ws/src/publisher_package/src/subscriber_node.cpp:12:29:[m[K [01;31m[Kerror: [m[Kâ€˜[01m[Kstd_msg[m[Kâ€™ does not name a type
[2.740s]    12 |         void callBack(const [01;31m[Kstd_msg[m[K::msg::String::SharedPtr message){
[2.740s]       |                             [01;31m[K^~~~~~~[m[K
[2.740s] [01m[K/home/omer/Desktop/dev_ws/src/publisher_package/src/subscriber_node.cpp:12:41:[m[K [01;31m[Kerror: [m[Kexpected unqualified-id before â€˜[01m[K::[m[Kâ€™ token
[2.740s]    12 |         void callBack(const std_msg::msg[01;31m[K::[m[KString::SharedPtr message){
[2.740s]       |                                         [01;31m[K^~[m[K
[2.740s] [01m[K/home/omer/Desktop/dev_ws/src/publisher_package/src/subscriber_node.cpp:12:41:[m[K [01;31m[Kerror: [m[Kexpected â€˜[01m[K)[m[Kâ€™ before â€˜[01m[K::[m[Kâ€™ token
[2.740s]    12 |         void callBack[34m[K([m[Kconst std_msg::msg[01;31m[K:[m[K[32m[K:[m[KString::SharedPtr message){
[2.740s]       |                      [34m[K~[m[K                  [01;31m[K^[m[K[32m[K~[m[K
[2.740s]       |                                         [32m[K)[m[K
[2.740s] [01m[K/home/omer/Desktop/dev_ws/src/publisher_package/src/subscriber_node.cpp:12:38:[m[K [01;31m[Kerror: [m[Kexpected â€˜[01m[K;[m[Kâ€™ at end of member declaration
[2.740s]    12 |         void callBack(const std_msg::[01;31m[Kmsg[m[K::String::SharedPtr message){
[2.740s]       |                                      [01;31m[K^~~[m[K
[2.740s]       |                                         [32m[K;[m[K
[2.741s] [01m[K/home/omer/Desktop/dev_ws/src/publisher_package/src/subscriber_node.cpp:12:43:[m[K [01;31m[Kerror: [m[Kâ€˜[01m[KString[m[Kâ€™ in namespace â€˜[01m[K::[m[Kâ€™ does not name a type
[2.741s]    12 |         void callBack(const std_msg::msg::[01;31m[KString[m[K::SharedPtr message){
[2.741s]       |                                           [01;31m[K^~~~~~[m[K
[2.777s] [01m[K/home/omer/Desktop/dev_ws/src/publisher_package/src/subscriber_node.cpp:[m[K In constructor â€˜[01m[Ksubscriber_node::subscriber_node()[m[Kâ€™:
[2.777s] [01m[K/home/omer/Desktop/dev_ws/src/publisher_package/src/subscriber_node.cpp:8:59:[m[K [01;31m[Kerror: [m[Kexpected primary-expression before â€˜[01m[K,[m[Kâ€™ token
[2.777s]     8 |                                 std::bind(&subscriber_node[01;31m[K,[m[Kthis,std::placeholders::_1);
[2.777s]       |                                                           [01;31m[K^[m[K
[3.161s] gmake[2]: *** [CMakeFiles/listener.dir/build.make:76: CMakeFiles/listener.dir/src/subscriber_node.cpp.o] Error 1
[3.161s] gmake[1]: *** [CMakeFiles/Makefile2:165: CMakeFiles/listener.dir/all] Error 2
[3.161s] gmake: *** [Makefile:146: all] Error 2
[3.163s] Invoked command in '/home/omer/Desktop/dev_ws/build/publisher_package' returned '2': CMAKE_PREFIX_PATH=/opt/ros/humble /usr/bin/cmake --build /home/omer/Desktop/dev_ws/build/publisher_package -- -j8 -l8
