[0.000000] (-) TimerEvent: {}
[0.000879] (-) JobUnselected: {'identifier': 'my_package'}
[0.001404] (-) JobUnselected: {'identifier': 'my_turtlesim'}
[0.001480] (-) JobUnselected: {'identifier': 'publisher_package'}
[0.001580] (sbus_demo) JobQueued: {'identifier': 'sbus_demo', 'dependencies': OrderedDict()}
[0.001619] (sbus_demo) JobStarted: {'identifier': 'sbus_demo'}
[0.009532] (sbus_demo) JobProgress: {'identifier': 'sbus_demo', 'progress': 'cmake'}
[0.010140] (sbus_demo) JobProgress: {'identifier': 'sbus_demo', 'progress': 'build'}
[0.011049] (sbus_demo) Command: {'cmd': ['/usr/bin/cmake', '--build', '/home/omer/Desktop/dev_ws/build/sbus_demo', '--', '-j8', '-l8'], 'cwd': '/home/omer/Desktop/dev_ws/build/sbus_demo', 'env': OrderedDict([('LESSOPEN', '| /usr/bin/lesspipe %s'), ('USER', 'omer'), ('LC_TIME', 'tr_TR.UTF-8'), ('XDG_SESSION_TYPE', 'wayland'), ('SHLVL', '1'), ('LD_LIBRARY_PATH', '/opt/ros/humble/opt/rviz_ogre_vendor/lib:/opt/ros/humble/lib/x86_64-linux-gnu:/opt/ros/humble/lib'), ('HOME', '/home/omer'), ('OLDPWD', '/home/omer/Desktop'), ('DESKTOP_SESSION', 'ubuntu'), ('ROS_PYTHON_VERSION', '3'), ('GNOME_SHELL_SESSION_MODE', 'ubuntu'), ('GTK_MODULES', 'gail:atk-bridge'), ('LC_MONETARY', 'tr_TR.UTF-8'), ('MANAGERPID', '1200'), ('SYSTEMD_EXEC_PID', '2119'), ('DBUS_SESSION_BUS_ADDRESS', 'unix:path=/run/user/1000/bus'), ('COLORTERM', 'truecolor'), ('TERMINATOR_DBUS_NAME', 'net.tenshu.Terminator25ef4b219e3b005583550f2b0f9f990c3'), ('GIO_LAUNCHED_DESKTOP_FILE_PID', '3607'), ('IM_CONFIG_PHASE', '1'), ('WAYLAND_DISPLAY', 'wayland-0'), ('ROS_DISTRO', 'humble'), ('LOGNAME', 'omer'), ('JOURNAL_STREAM', '8:27277'), ('_', '/usr/bin/colcon'), ('ROS_VERSION', '2'), ('XDG_SESSION_CLASS', 'user'), ('USERNAME', 'omer'), ('TERM', 'xterm-256color'), ('GNOME_DESKTOP_SESSION_ID', 'this-is-deprecated'), ('ROS_LOCALHOST_ONLY', '0'), ('PATH', '/opt/ros/humble/bin:/usr/local/sbin:/usr/local/bin:/usr/sbin:/usr/bin:/sbin:/bin:/usr/games:/usr/local/games:/snap/bin:/snap/bin'), ('SESSION_MANAGER', 'local/edemen:@/tmp/.ICE-unix/1390,unix/edemen:/tmp/.ICE-unix/1390'), ('INVOCATION_ID', '2993389324ca43db9641cc5a63f7b637'), ('XDG_MENU_PREFIX', 'gnome-'), ('LC_ADDRESS', 'tr_TR.UTF-8'), ('GNOME_SETUP_DISPLAY', ':1'), ('XDG_RUNTIME_DIR', '/run/user/1000'), ('DISPLAY', ':0'), ('TERMINATOR_DBUS_PATH', '/net/tenshu/Terminator2'), ('LANG', 'en_US.UTF-8'), ('XDG_CURRENT_DESKTOP', 'ubuntu:GNOME'), ('IBUS_DISABLE_SNOOPER', '1'), ('LC_TELEPHONE', 'tr_TR.UTF-8'), ('XMODIFIERS', '@im=ibus'), ('XDG_SESSION_DESKTOP', 'ubuntu'), ('XAUTHORITY', '/run/user/1000/.mutter-Xwaylandauth.I8TQO1'), ('LS_COLORS', 'rs=0:di=01;34:ln=01;36:mh=00:pi=40;33:so=01;35:do=01;35:bd=40;33;01:cd=40;33;01:or=40;31;01:mi=00:su=37;41:sg=30;43:ca=30;41:tw=30;42:ow=34;42:st=37;44:ex=01;32:*.tar=01;31:*.tgz=01;31:*.arc=01;31:*.arj=01;31:*.taz=01;31:*.lha=01;31:*.lz4=01;31:*.lzh=01;31:*.lzma=01;31:*.tlz=01;31:*.txz=01;31:*.tzo=01;31:*.t7z=01;31:*.zip=01;31:*.z=01;31:*.dz=01;31:*.gz=01;31:*.lrz=01;31:*.lz=01;31:*.lzo=01;31:*.xz=01;31:*.zst=01;31:*.tzst=01;31:*.bz2=01;31:*.bz=01;31:*.tbz=01;31:*.tbz2=01;31:*.tz=01;31:*.deb=01;31:*.rpm=01;31:*.jar=01;31:*.war=01;31:*.ear=01;31:*.sar=01;31:*.rar=01;31:*.alz=01;31:*.ace=01;31:*.zoo=01;31:*.cpio=01;31:*.7z=01;31:*.rz=01;31:*.cab=01;31:*.wim=01;31:*.swm=01;31:*.dwm=01;31:*.esd=01;31:*.jpg=01;35:*.jpeg=01;35:*.mjpg=01;35:*.mjpeg=01;35:*.gif=01;35:*.bmp=01;35:*.pbm=01;35:*.pgm=01;35:*.ppm=01;35:*.tga=01;35:*.xbm=01;35:*.xpm=01;35:*.tif=01;35:*.tiff=01;35:*.png=01;35:*.svg=01;35:*.svgz=01;35:*.mng=01;35:*.pcx=01;35:*.mov=01;35:*.mpg=01;35:*.mpeg=01;35:*.m2v=01;35:*.mkv=01;35:*.webm=01;35:*.webp=01;35:*.ogm=01;35:*.mp4=01;35:*.m4v=01;35:*.mp4v=01;35:*.vob=01;35:*.qt=01;35:*.nuv=01;35:*.wmv=01;35:*.asf=01;35:*.rm=01;35:*.rmvb=01;35:*.flc=01;35:*.avi=01;35:*.fli=01;35:*.flv=01;35:*.gl=01;35:*.dl=01;35:*.xcf=01;35:*.xwd=01;35:*.yuv=01;35:*.cgm=01;35:*.emf=01;35:*.ogv=01;35:*.ogx=01;35:*.aac=00;36:*.au=00;36:*.flac=00;36:*.m4a=00;36:*.mid=00;36:*.midi=00;36:*.mka=00;36:*.mp3=00;36:*.mpc=00;36:*.ogg=00;36:*.ra=00;36:*.wav=00;36:*.oga=00;36:*.opus=00;36:*.spx=00;36:*.xspf=00;36:'), ('SSH_AGENT_LAUNCHER', 'gnome-keyring'), ('SSH_AUTH_SOCK', '/run/user/1000/keyring/ssh'), ('AMENT_PREFIX_PATH', '/opt/ros/humble'), ('SHELL', '/bin/bash'), ('LC_NAME', 'tr_TR.UTF-8'), ('TERMINATOR_UUID', 'urn:uuid:8c6d1b38-3cc4-4b1a-8b0e-910479d38adb'), ('QT_ACCESSIBILITY', '1'), ('GDMSESSION', 'ubuntu'), ('LESSCLOSE', '/usr/bin/lesspipe %s %s'), ('LC_MEASUREMENT', 'tr_TR.UTF-8'), ('LC_IDENTIFICATION', 'tr_TR.UTF-8'), ('QT_IM_MODULE', 'ibus'), ('PWD', '/home/omer/Desktop/dev_ws/build/sbus_demo'), ('LC_ALL', 'en_US.UTF-8'), ('XDG_CONFIG_DIRS', '/etc/xdg/xdg-ubuntu:/etc/xdg'), ('XDG_DATA_DIRS', '/usr/share/ubuntu:/usr/local/share/:/usr/share/:/var/lib/snapd/desktop'), ('PYTHONPATH', '/opt/ros/humble/lib/python3.10/site-packages:/opt/ros/humble/local/lib/python3.10/dist-packages'), ('LC_NUMERIC', 'tr_TR.UTF-8'), ('LC_PAPER', 'tr_TR.UTF-8'), ('COLCON', '1'), ('VTE_VERSION', '6800'), ('CMAKE_PREFIX_PATH', '/opt/ros/humble')]), 'shell': False}
[0.099750] (-) TimerEvent: {}
[0.200251] (-) TimerEvent: {}
[0.300958] (-) TimerEvent: {}
[0.401751] (-) TimerEvent: {}
[0.502480] (-) TimerEvent: {}
[0.587549] (sbus_demo) StdoutLine: {'line': b'-- Found ament_cmake: 1.3.2 (/opt/ros/humble/share/ament_cmake/cmake)\n'}
[0.602744] (-) TimerEvent: {}
[0.703201] (-) TimerEvent: {}
[0.803891] (-) TimerEvent: {}
[0.904183] (-) TimerEvent: {}
[1.004620] (-) TimerEvent: {}
[1.105397] (-) TimerEvent: {}
[1.206201] (-) TimerEvent: {}
[1.306558] (-) TimerEvent: {}
[1.407406] (-) TimerEvent: {}
[1.508235] (-) TimerEvent: {}
[1.561342] (sbus_demo) StdoutLine: {'line': b'-- Found rclcpp: 16.0.1 (/opt/ros/humble/share/rclcpp/cmake)\n'}
[1.608464] (-) TimerEvent: {}
[1.709409] (-) TimerEvent: {}
[1.810253] (-) TimerEvent: {}
[1.910976] (-) TimerEvent: {}
[2.011515] (-) TimerEvent: {}
[2.073182] (sbus_demo) StdoutLine: {'line': b'-- Found rosidl_generator_c: 3.1.3 (/opt/ros/humble/share/rosidl_generator_c/cmake)\n'}
[2.084931] (sbus_demo) StdoutLine: {'line': b'-- Found rosidl_adapter: 3.1.3 (/opt/ros/humble/share/rosidl_adapter/cmake)\n'}
[2.111716] (-) TimerEvent: {}
[2.118083] (sbus_demo) StdoutLine: {'line': b'-- Found rosidl_generator_cpp: 3.1.3 (/opt/ros/humble/share/rosidl_generator_cpp/cmake)\n'}
[2.183334] (sbus_demo) StdoutLine: {'line': b'-- Using all available rosidl_typesupport_c: rosidl_typesupport_fastrtps_c;rosidl_typesupport_introspection_c\n'}
[2.211906] (-) TimerEvent: {}
[2.267904] (sbus_demo) StdoutLine: {'line': b'-- Using all available rosidl_typesupport_cpp: rosidl_typesupport_fastrtps_cpp;rosidl_typesupport_introspection_cpp\n'}
[2.312012] (-) TimerEvent: {}
[2.397751] (sbus_demo) StdoutLine: {'line': b'-- Found rmw_implementation_cmake: 6.1.0 (/opt/ros/humble/share/rmw_implementation_cmake/cmake)\n'}
[2.412154] (-) TimerEvent: {}
[2.433616] (sbus_demo) StdoutLine: {'line': b'-- Found rmw_fastrtps_cpp: 6.2.1 (/opt/ros/humble/share/rmw_fastrtps_cpp/cmake)\n'}
[2.512360] (-) TimerEvent: {}
[2.613173] (-) TimerEvent: {}
[2.714026] (-) TimerEvent: {}
[2.814716] (-) TimerEvent: {}
[2.915334] (-) TimerEvent: {}
[2.916624] (sbus_demo) StdoutLine: {'line': b"-- Using RMW implementation 'rmw_fastrtps_cpp' as default\n"}
[3.015456] (-) TimerEvent: {}
[3.115813] (-) TimerEvent: {}
[3.191627] (sbus_demo) StdoutLine: {'line': b'-- Configuring done\n'}
[3.215937] (-) TimerEvent: {}
[3.316582] (-) TimerEvent: {}
[3.416992] (-) TimerEvent: {}
[3.516827] (sbus_demo) StdoutLine: {'line': b'-- Generating done\n'}
[3.517516] (-) TimerEvent: {}
[3.559229] (sbus_demo) StdoutLine: {'line': b'-- Build files have been written to: /home/omer/Desktop/dev_ws/build/sbus_demo\n'}
[3.597192] (sbus_demo) StdoutLine: {'line': b'\x1b[35m\x1b[1mConsolidate compiler generated dependencies of target sbus_demo\x1b[0m\n'}
[3.613052] (sbus_demo) StdoutLine: {'line': b'[ 50%] \x1b[32mBuilding CXX object CMakeFiles/sbus_demo.dir/src/sbus_demo.cpp.o\x1b[0m\n'}
[3.617613] (-) TimerEvent: {}
[3.717935] (-) TimerEvent: {}
[3.818253] (-) TimerEvent: {}
[3.918622] (-) TimerEvent: {}
[4.018987] (-) TimerEvent: {}
[4.119305] (-) TimerEvent: {}
[4.219673] (-) TimerEvent: {}
[4.320053] (-) TimerEvent: {}
[4.420437] (-) TimerEvent: {}
[4.520869] (-) TimerEvent: {}
[4.621266] (-) TimerEvent: {}
[4.721649] (-) TimerEvent: {}
[4.822003] (-) TimerEvent: {}
[4.922420] (-) TimerEvent: {}
[5.022851] (-) TimerEvent: {}
[5.123205] (-) TimerEvent: {}
[5.223614] (-) TimerEvent: {}
[5.324027] (-) TimerEvent: {}
[5.424463] (-) TimerEvent: {}
[5.524847] (-) TimerEvent: {}
[5.625164] (-) TimerEvent: {}
[5.725538] (-) TimerEvent: {}
[5.825969] (-) TimerEvent: {}
[5.926359] (-) TimerEvent: {}
[6.026732] (-) TimerEvent: {}
[6.127188] (-) TimerEvent: {}
[6.227563] (-) TimerEvent: {}
[6.327947] (-) TimerEvent: {}
[6.428386] (-) TimerEvent: {}
[6.528695] (-) TimerEvent: {}
[6.629006] (-) TimerEvent: {}
[6.729449] (-) TimerEvent: {}
[6.829813] (-) TimerEvent: {}
[6.930129] (-) TimerEvent: {}
[7.030555] (-) TimerEvent: {}
[7.131014] (-) TimerEvent: {}
[7.231415] (-) TimerEvent: {}
[7.331750] (-) TimerEvent: {}
[7.361915] (sbus_demo) StdoutLine: {'line': b'[100%] \x1b[32m\x1b[1mLinking CXX executable sbus_demo\x1b[0m\n'}
[7.431886] (-) TimerEvent: {}
[7.532366] (-) TimerEvent: {}
[7.606117] (sbus_demo) StderrLine: {'line': b"/usr/bin/ld: CMakeFiles/sbus_demo.dir/src/sbus_demo.cpp.o: in function `main':\n"}
[7.606466] (sbus_demo) StderrLine: {'line': b"sbus_demo.cpp:(.text+0x42): undefined reference to `SBUS::sbus::connectSerialPort()'\n"}
[7.607113] (sbus_demo) StderrLine: {'line': b"/usr/bin/ld: CMakeFiles/sbus_demo.dir/src/sbus_demo.cpp.o: in function `sbus_demo::callback()':\n"}
[7.607388] (sbus_demo) StderrLine: {'line': b"sbus_demo.cpp:(.text._ZN9sbus_demo8callbackEv[_ZN9sbus_demo8callbackEv]+0x1b): undefined reference to `SBUS::sbus::transmitSerialSbusMessages()'\n"}
[7.632475] (-) TimerEvent: {}
[7.633051] (sbus_demo) StderrLine: {'line': b'collect2: error: ld returned 1 exit status\n'}
[7.635230] (sbus_demo) StderrLine: {'line': b'gmake[2]: *** [CMakeFiles/sbus_demo.dir/build.make:159: sbus_demo] Error 1\n'}
[7.635586] (sbus_demo) StderrLine: {'line': b'gmake[1]: *** [CMakeFiles/Makefile2:137: CMakeFiles/sbus_demo.dir/all] Error 2\n'}
[7.635890] (sbus_demo) StderrLine: {'line': b'gmake: *** [Makefile:146: all] Error 2\n'}
[7.638522] (sbus_demo) CommandEnded: {'returncode': 2}
[7.696111] (sbus_demo) JobEnded: {'identifier': 'sbus_demo', 'rc': 2}
[7.707371] (-) EventReactorShutdown: {}
