[01m[K/home/omer/Desktop/dev_ws/src/publisher_package/src/publisher_node.cpp:[m[K In constructor â€˜[01m[Kpublisher_node::publisher_node()[m[Kâ€™:
[01m[K/home/omer/Desktop/dev_ws/src/publisher_package/src/publisher_node.cpp:7:46:[m[K [01;31m[Kerror: [m[Kexpected primary-expression before â€˜[01m[K)[m[Kâ€™ token
    7 |         publisher_node(): Node(publisher_node[01;31m[K)[m[K, counter_(1){
      |                                              [01;31m[K^[m[K
[01m[K/home/omer/Desktop/dev_ws/src/publisher_package/src/publisher_node.cpp:[m[K At global scope:
[01m[K/home/omer/Desktop/dev_ws/src/publisher_package/src/publisher_node.cpp:27:5:[m[K [01;31m[Kerror: [m[Kcannot declare â€˜[01m[K::main[m[Kâ€™ to be a global variable
   27 | int [01;31m[Kmain[m[K(argc, char argv**){
      |     [01;31m[K^~~~[m[K
[01m[K/home/omer/Desktop/dev_ws/src/publisher_package/src/publisher_node.cpp:27:10:[m[K [01;31m[Kerror: [m[Kâ€˜[01m[Kargc[m[Kâ€™ was not declared in this scope
   27 | int main([01;31m[Kargc[m[K, char argv**){
      |          [01;31m[K^~~~[m[K
[01m[K/home/omer/Desktop/dev_ws/src/publisher_package/src/publisher_node.cpp:27:16:[m[K [01;31m[Kerror: [m[Kexpected primary-expression before â€˜[01m[Kchar[m[Kâ€™
   27 | int main(argc, [01;31m[Kchar[m[K argv**){
      |                [01;31m[K^~~~[m[K
[01m[K/home/omer/Desktop/dev_ws/src/publisher_package/src/publisher_node.cpp:27:27:[m[K [01;31m[Kerror: [m[Kexpression list treated as compound expression in initializer [[01;31m[K]8;;https://gcc.gnu.org/onlinedocs/gcc/Warning-Options.html#index-fpermissive-fpermissive]8;;[m[K]
   27 | int main(argc, char argv**[01;31m[K)[m[K{
      |                           [01;31m[K^[m[K
gmake[2]: *** [CMakeFiles/talker.dir/build.make:76: CMakeFiles/talker.dir/src/publisher_node.cpp.o] Error 1
gmake[1]: *** [CMakeFiles/Makefile2:137: CMakeFiles/talker.dir/all] Error 2
gmake: *** [Makefile:146: all] Error 2
