[0.013s] Invoking command in '/home/omer/Desktop/dev_ws/build/publisher_package': CMAKE_PREFIX_PATH=/opt/ros/humble /usr/bin/cmake --build /home/omer/Desktop/dev_ws/build/publisher_package -- -j8 -l8
[0.044s] [35m[1mConsolidate compiler generated dependencies of target talker[0m
[0.058s] [ 50%] [32mBuilding CXX object CMakeFiles/talker.dir/src/publisher_node.cpp.o[0m
[2.055s] [01m[K/home/omer/Desktop/dev_ws/src/publisher_package/src/publisher_node.cpp:5:1:[m[K [01;31m[Kerror: [m[Kexpected class-name before â€˜[01m[K{[m[Kâ€™ token
[2.056s]     5 | [01;31m[K{[m[K
[2.056s]       | [01;31m[K^[m[K
[2.059s] [01m[K/home/omer/Desktop/dev_ws/src/publisher_package/src/publisher_node.cpp:[m[K In constructor â€˜[01m[Kpublisher_node::publisher_node()[m[Kâ€™:
[2.059s] [01m[K/home/omer/Desktop/dev_ws/src/publisher_package/src/publisher_node.cpp:7:27:[m[K [01;31m[Kerror: [m[Kclass â€˜[01m[Kpublisher_node[m[Kâ€™ does not have any field named â€˜[01m[KNode[m[Kâ€™
[2.059s]     7 |         publisher_node(): [01;31m[KNode[m[K(publisher_node), counter_(1){
[2.059s]       |                           [01;31m[K^~~~[m[K
[2.059s] [01m[K/home/omer/Desktop/dev_ws/src/publisher_package/src/publisher_node.cpp:7:46:[m[K [01;31m[Kerror: [m[Kexpected primary-expression before â€˜[01m[K)[m[Kâ€™ token
[2.059s]     7 |         publisher_node(): Node(publisher_node[01;31m[K)[m[K, counter_(1){
[2.059s]       |                                              [01;31m[K^[m[K
[2.059s] [01m[K/home/omer/Desktop/dev_ws/src/publisher_package/src/publisher_node.cpp:8:33:[m[K [01;31m[Kerror: [m[Kâ€˜[01m[Kclass publisher_node[m[Kâ€™ has no member named â€˜[01m[Kcreate_publisher[m[Kâ€™
[2.059s]     8 |             publisher_ = this-> [01;31m[Kcreate_publisher[m[K<std_msgs::msg::String>("publisher_topic", 10);
[2.060s]       |                                 [01;31m[K^~~~~~~~~~~~~~~~[m[K
[2.060s] [01m[K/home/omer/Desktop/dev_ws/src/publisher_package/src/publisher_node.cpp:8:71:[m[K [01;31m[Kerror: [m[Kexpected primary-expression before â€˜[01m[K>[m[Kâ€™ token
[2.060s]     8 |             publisher_ = this-> create_publisher<std_msgs::msg::String[01;31m[K>[m[K("publisher_topic", 10);
[2.060s]       |                                                                       [01;31m[K^[m[K
[2.060s] [01m[K/home/omer/Desktop/dev_ws/src/publisher_package/src/publisher_node.cpp:8:73:[m[K [01;35m[Kwarning: [m[Kleft operand of comma operator has no effect [[01;35m[K]8;;https://gcc.gnu.org/onlinedocs/gcc/Warning-Options.html#index-Wunused-value-Wunused-value]8;;[m[K]
[2.060s]     8 |             publisher_ = this-> create_publisher<std_msgs::msg::String>([01;35m[K"publisher_topic"[m[K, 10);
[2.060s]       |                                                                         [01;35m[K^~~~~~~~~~~~~~~~~[m[K
[2.060s] [01m[K/home/omer/Desktop/dev_ws/src/publisher_package/src/publisher_node.cpp:9:30:[m[K [01;31m[Kerror: [m[Kâ€˜[01m[Kclass publisher_node[m[Kâ€™ has no member named â€˜[01m[Kcreate_wall_timer[m[Kâ€™
[2.060s]     9 |             timer_ = this -> [01;31m[Kcreate_wall_timer[m[K(std::chrono::milliseconds(1),
[2.060s]       |                              [01;31m[K^~~~~~~~~~~~~~~~~[m[K
[2.063s] [01m[K/home/omer/Desktop/dev_ws/src/publisher_package/src/publisher_node.cpp:[m[K At global scope:
[2.063s] [01m[K/home/omer/Desktop/dev_ws/src/publisher_package/src/publisher_node.cpp:27:5:[m[K [01;31m[Kerror: [m[Kcannot declare â€˜[01m[K::main[m[Kâ€™ to be a global variable
[2.063s]    27 | int [01;31m[Kmain[m[K(argc, char argv**){
[2.063s]       |     [01;31m[K^~~~[m[K
[2.066s] [01m[K/home/omer/Desktop/dev_ws/src/publisher_package/src/publisher_node.cpp:27:10:[m[K [01;31m[Kerror: [m[Kâ€˜[01m[Kargc[m[Kâ€™ was not declared in this scope
[2.066s]    27 | int main([01;31m[Kargc[m[K, char argv**){
[2.066s]       |          [01;31m[K^~~~[m[K
[2.066s] [01m[K/home/omer/Desktop/dev_ws/src/publisher_package/src/publisher_node.cpp:27:16:[m[K [01;31m[Kerror: [m[Kexpected primary-expression before â€˜[01m[Kchar[m[Kâ€™
[2.066s]    27 | int main(argc, [01;31m[Kchar[m[K argv**){
[2.066s]       |                [01;31m[K^~~~[m[K
[2.066s] [01m[K/home/omer/Desktop/dev_ws/src/publisher_package/src/publisher_node.cpp:27:27:[m[K [01;31m[Kerror: [m[Kexpression list treated as compound expression in initializer [[01;31m[K]8;;https://gcc.gnu.org/onlinedocs/gcc/Warning-Options.html#index-fpermissive-fpermissive]8;;[m[K]
[2.066s]    27 | int main(argc, char argv**[01;31m[K)[m[K{
[2.066s]       |                           [01;31m[K^[m[K
[2.503s] gmake[2]: *** [CMakeFiles/talker.dir/build.make:76: CMakeFiles/talker.dir/src/publisher_node.cpp.o] Error 1
[2.503s] gmake[1]: *** [CMakeFiles/Makefile2:137: CMakeFiles/talker.dir/all] Error 2
[2.503s] gmake: *** [Makefile:146: all] Error 2
[2.505s] Invoked command in '/home/omer/Desktop/dev_ws/build/publisher_package' returned '2': CMAKE_PREFIX_PATH=/opt/ros/humble /usr/bin/cmake --build /home/omer/Desktop/dev_ws/build/publisher_package -- -j8 -l8
