[0.040s] Invoking command in '/home/omer/Desktop/dev_ws/build/publisher_package': CMAKE_PREFIX_PATH=/opt/ros/humble /usr/bin/cmake --build /home/omer/Desktop/dev_ws/build/publisher_package -- -j8 -l8
[0.043s] [35m[1mConsolidate compiler generated dependencies of target talker[0m
[0.057s] [ 50%] [32mBuilding CXX object CMakeFiles/talker.dir/src/publisher_node.cpp.o[0m
[2.032s] [01m[K/home/omer/Desktop/dev_ws/src/publisher_package/src/publisher_node.cpp:[m[K In function â€˜[01m[Kint main(int, char**)[m[Kâ€™:
[2.032s] [01m[K/home/omer/Desktop/dev_ws/src/publisher_package/src/publisher_node.cpp:31:5:[m[K [01;31m[Kerror: [m[Kâ€˜[01m[Kretun[m[Kâ€™ was not declared in this scope
[2.032s]    31 |     [01;31m[Kretun[m[K 0;
[2.032s]       |     [01;31m[K^~~~~[m[K
[2.897s] gmake[2]: *** [CMakeFiles/talker.dir/build.make:76: CMakeFiles/talker.dir/src/publisher_node.cpp.o] Error 1
[2.897s] gmake[1]: *** [CMakeFiles/Makefile2:137: CMakeFiles/talker.dir/all] Error 2
[2.897s] gmake: *** [Makefile:146: all] Error 2
[2.900s] Invoked command in '/home/omer/Desktop/dev_ws/build/publisher_package' returned '2': CMAKE_PREFIX_PATH=/opt/ros/humble /usr/bin/cmake --build /home/omer/Desktop/dev_ws/build/publisher_package -- -j8 -l8
