-- Found ament_cmake: 1.3.2 (/opt/ros/humble/share/ament_cmake/cmake)
-- Found rclcpp: 16.0.1 (/opt/ros/humble/share/rclcpp/cmake)
-- Found rosidl_generator_c: 3.1.3 (/opt/ros/humble/share/rosidl_generator_c/cmake)
-- Found rosidl_adapter: 3.1.3 (/opt/ros/humble/share/rosidl_adapter/cmake)
-- Found rosidl_generator_cpp: 3.1.3 (/opt/ros/humble/share/rosidl_generator_cpp/cmake)
-- Using all available rosidl_typesupport_c: rosidl_typesupport_fastrtps_c;rosidl_typesupport_introspection_c
-- Using all available rosidl_typesupport_cpp: rosidl_typesupport_fastrtps_cpp;rosidl_typesupport_introspection_cpp
-- Found rmw_implementation_cmake: 6.1.0 (/opt/ros/humble/share/rmw_implementation_cmake/cmake)
-- Found rmw_fastrtps_cpp: 6.2.1 (/opt/ros/humble/share/rmw_fastrtps_cpp/cmake)
-- Using RMW implementation 'rmw_fastrtps_cpp' as default
-- Configuring done
-- Generating done
-- Build files have been written to: /home/omer/Desktop/dev_ws/build/sbus_demo
[35m[1mConsolidate compiler generated dependencies of target sbus_demo[0m
[ 50%] [32mBuilding CXX object CMakeFiles/sbus_demo.dir/src/sbus_demo.cpp.o[0m
[100%] [32m[1mLinking CXX executable sbus_demo[0m
/usr/bin/ld: CMakeFiles/sbus_demo.dir/src/sbus_demo.cpp.o: in function `main':
sbus_demo.cpp:(.text+0x42): undefined reference to `SBUS::sbus::connectSerialPort()'
/usr/bin/ld: CMakeFiles/sbus_demo.dir/src/sbus_demo.cpp.o: in function `sbus_demo::callback()':
sbus_demo.cpp:(.text._ZN9sbus_demo8callbackEv[_ZN9sbus_demo8callbackEv]+0x1b): undefined reference to `SBUS::sbus::transmitSerialSbusMessages()'
collect2: error: ld returned 1 exit status
gmake[2]: *** [CMakeFiles/sbus_demo.dir/build.make:159: sbus_demo] Error 1
gmake[1]: *** [CMakeFiles/Makefile2:137: CMakeFiles/sbus_demo.dir/all] Error 2
gmake: *** [Makefile:146: all] Error 2
