[0.013s] Invoking command in '/home/omer/Desktop/dev_ws/build/sbus_demo': CMAKE_PREFIX_PATH=/opt/ros/humble /usr/bin/cmake --build /home/omer/Desktop/dev_ws/build/sbus_demo -- -j8 -l8
[0.586s] -- Found ament_cmake: 1.3.2 (/opt/ros/humble/share/ament_cmake/cmake)
[1.560s] -- Found rclcpp: 16.0.1 (/opt/ros/humble/share/rclcpp/cmake)
[2.072s] -- Found rosidl_generator_c: 3.1.3 (/opt/ros/humble/share/rosidl_generator_c/cmake)
[2.084s] -- Found rosidl_adapter: 3.1.3 (/opt/ros/humble/share/rosidl_adapter/cmake)
[2.117s] -- Found rosidl_generator_cpp: 3.1.3 (/opt/ros/humble/share/rosidl_generator_cpp/cmake)
[2.182s] -- Using all available rosidl_typesupport_c: rosidl_typesupport_fastrtps_c;rosidl_typesupport_introspection_c
[2.266s] -- Using all available rosidl_typesupport_cpp: rosidl_typesupport_fastrtps_cpp;rosidl_typesupport_introspection_cpp
[2.396s] -- Found rmw_implementation_cmake: 6.1.0 (/opt/ros/humble/share/rmw_implementation_cmake/cmake)
[2.432s] -- Found rmw_fastrtps_cpp: 6.2.1 (/opt/ros/humble/share/rmw_fastrtps_cpp/cmake)
[2.915s] -- Using RMW implementation 'rmw_fastrtps_cpp' as default
[3.190s] -- Configuring done
[3.516s] -- Generating done
[3.558s] -- Build files have been written to: /home/omer/Desktop/dev_ws/build/sbus_demo
[3.596s] [35m[1mConsolidate compiler generated dependencies of target sbus_demo[0m
[3.612s] [ 50%] [32mBuilding CXX object CMakeFiles/sbus_demo.dir/src/sbus_demo.cpp.o[0m
[7.361s] [100%] [32m[1mLinking CXX executable sbus_demo[0m
[7.605s] /usr/bin/ld: CMakeFiles/sbus_demo.dir/src/sbus_demo.cpp.o: in function `main':
[7.605s] sbus_demo.cpp:(.text+0x42): undefined reference to `SBUS::sbus::connectSerialPort()'
[7.606s] /usr/bin/ld: CMakeFiles/sbus_demo.dir/src/sbus_demo.cpp.o: in function `sbus_demo::callback()':
[7.606s] sbus_demo.cpp:(.text._ZN9sbus_demo8callbackEv[_ZN9sbus_demo8callbackEv]+0x1b): undefined reference to `SBUS::sbus::transmitSerialSbusMessages()'
[7.632s] collect2: error: ld returned 1 exit status
[7.634s] gmake[2]: *** [CMakeFiles/sbus_demo.dir/build.make:159: sbus_demo] Error 1
[7.634s] gmake[1]: *** [CMakeFiles/Makefile2:137: CMakeFiles/sbus_demo.dir/all] Error 2
[7.634s] gmake: *** [Makefile:146: all] Error 2
[7.637s] Invoked command in '/home/omer/Desktop/dev_ws/build/sbus_demo' returned '2': CMAKE_PREFIX_PATH=/opt/ros/humble /usr/bin/cmake --build /home/omer/Desktop/dev_ws/build/sbus_demo -- -j8 -l8
