[0.077s] Invoking command in '/home/omer/Desktop/dev_ws/build/sbus_demo': CMAKE_PREFIX_PATH=${CMAKE_PREFIX_PATH}:/opt/ros/humble /usr/bin/cmake --build /home/omer/Desktop/dev_ws/build/sbus_demo -- -j8 -l8
[0.214s] [35m[1mConsolidate compiler generated dependencies of target sbus_demo[0m
[0.232s] [ 50%] [32mBuilding CXX object CMakeFiles/sbus_demo.dir/src/sbus.cpp.o[0m
[2.391s] [01m[K/home/omer/Desktop/dev_ws/src/sbus_demo/src/sbus.cpp:[m[K In constructor â€˜[01m[KSBUS::sbus::sbus()[m[Kâ€™:
[2.391s] [01m[K/home/omer/Desktop/dev_ws/src/sbus_demo/src/sbus.cpp:10:20:[m[K [01;31m[Kerror: [m[Kreturning a value from a constructor
[2.391s]    10 |             return [01;31m[K0[m[K;
[2.392s]       |                    [01;31m[K^[m[K
[3.040s] gmake[2]: *** [CMakeFiles/sbus_demo.dir/build.make:76: CMakeFiles/sbus_demo.dir/src/sbus.cpp.o] Error 1
[3.040s] gmake[1]: *** [CMakeFiles/Makefile2:137: CMakeFiles/sbus_demo.dir/all] Error 2
[3.040s] gmake: *** [Makefile:146: all] Error 2
[3.042s] Invoked command in '/home/omer/Desktop/dev_ws/build/sbus_demo' returned '2': CMAKE_PREFIX_PATH=${CMAKE_PREFIX_PATH}:/opt/ros/humble /usr/bin/cmake --build /home/omer/Desktop/dev_ws/build/sbus_demo -- -j8 -l8
