-- Found ament_cmake: 1.3.2 (/opt/ros/humble/share/ament_cmake/cmake)
-- Found rclcpp: 16.0.1 (/opt/ros/humble/share/rclcpp/cmake)
-- Found rosidl_generator_c: 3.1.3 (/opt/ros/humble/share/rosidl_generator_c/cmake)
-- Found rosidl_adapter: 3.1.3 (/opt/ros/humble/share/rosidl_adapter/cmake)
-- Found rosidl_generator_cpp: 3.1.3 (/opt/ros/humble/share/rosidl_generator_cpp/cmake)
-- Using all available rosidl_typesupport_c: rosidl_typesupport_fastrtps_c;rosidl_typesupport_introspection_c
-- Using all available rosidl_typesupport_cpp: rosidl_typesupport_fastrtps_cpp;rosidl_typesupport_introspection_cpp
-- Found rmw_implementation_cmake: 6.1.0 (/opt/ros/humble/share/rmw_implementation_cmake/cmake)
-- Found rmw_fastrtps_cpp: 6.2.1 (/opt/ros/humble/share/rmw_fastrtps_cpp/cmake)
-- Using RMW implementation 'rmw_fastrtps_cpp' as default
-- Configuring done
-- Generating done
-- Build files have been written to: /home/omer/Desktop/dev_ws/build/sbus_demo
[ 50%] [32mBuilding CXX object CMakeFiles/sbus_demo.dir/src/sbus_demo.cpp.o[0m
[01m[K/home/omer/Desktop/dev_ws/src/sbus_demo/src/sbus_demo.cpp:5:12:[m[K [01;31m[Kerror: [m[Kâ€˜[01m[Ksbus::sbus sbus[m[Kâ€™ redeclared as different kind of entity
    5 | sbus::sbus [01;31m[Ksbus[m[K;
      |            [01;31m[K^~~~[m[K
In file included from [01m[K/home/omer/Desktop/dev_ws/src/sbus_demo/src/sbus_demo.cpp:3[m[K:
[01m[K/home/omer/Desktop/dev_ws/src/sbus_demo/src/sbus.h:16:11:[m[K [01;36m[Knote: [m[Kprevious declaration â€˜[01m[Knamespace sbus { }[m[Kâ€™
   16 | namespace [01;36m[Ksbus[m[K{
      |           [01;36m[K^~~~[m[K
[01m[K/home/omer/Desktop/dev_ws/src/sbus_demo/src/sbus_demo.cpp:[m[K In constructor â€˜[01m[Ksbus_demo::sbus_demo()[m[Kâ€™:
[01m[K/home/omer/Desktop/dev_ws/src/sbus_demo/src/sbus_demo.cpp:13:24:[m[K [01;31m[Kerror: [m[KISO C++ forbids taking the address of an unqualified or parenthesized non-static member function to form a pointer to member function.  Say â€˜[01m[K&sbus_demo::callback[m[Kâ€™ [[01;31m[K]8;;https://gcc.gnu.org/onlinedocs/gcc/Warning-Options.html#index-fpermissive-fpermissive]8;;[m[K]
   13 |             std::bind(&[01;31m[Kcallback[m[K,this));
      |                        [01;31m[K^~~~~~~~[m[K
[01m[K/home/omer/Desktop/dev_ws/src/sbus_demo/src/sbus_demo.cpp:[m[K In member function â€˜[01m[Kvoid sbus_demo::callback()[m[Kâ€™:
[01m[K/home/omer/Desktop/dev_ws/src/sbus_demo/src/sbus_demo.cpp:18:17:[m[K [01;31m[Kerror: [m[Kexpected primary-expression before â€˜[01m[K.[m[Kâ€™ token
   18 |             sbus[01;31m[K.[m[KtransmitSerialSbusMessages();
      |                 [01;31m[K^[m[K
gmake[2]: *** [CMakeFiles/sbus_demo.dir/build.make:76: CMakeFiles/sbus_demo.dir/src/sbus_demo.cpp.o] Error 1
gmake[1]: *** [CMakeFiles/Makefile2:137: CMakeFiles/sbus_demo.dir/all] Error 2
gmake: *** [Makefile:146: all] Error 2
