[0.030s] Invoking command in '/home/omer/Desktop/dev_ws/build/sbus_demo': CMAKE_PREFIX_PATH=/opt/ros/humble /usr/bin/cmake /home/omer/Desktop/dev_ws/src/sbus_demo -DCMAKE_INSTALL_PREFIX=/home/omer/Desktop/dev_ws/install/sbus_demo
[0.041s] -- Found ament_cmake: 1.3.2 (/opt/ros/humble/share/ament_cmake/cmake)
[0.169s] -- Found rclcpp: 16.0.1 (/opt/ros/humble/share/rclcpp/cmake)
[0.198s] -- Found rosidl_generator_c: 3.1.3 (/opt/ros/humble/share/rosidl_generator_c/cmake)
[0.201s] -- Found rosidl_adapter: 3.1.3 (/opt/ros/humble/share/rosidl_adapter/cmake)
[0.206s] -- Found rosidl_generator_cpp: 3.1.3 (/opt/ros/humble/share/rosidl_generator_cpp/cmake)
[0.216s] -- Using all available rosidl_typesupport_c: rosidl_typesupport_fastrtps_c;rosidl_typesupport_introspection_c
[0.232s] -- Using all available rosidl_typesupport_cpp: rosidl_typesupport_fastrtps_cpp;rosidl_typesupport_introspection_cpp
[0.287s] -- Found rmw_implementation_cmake: 6.1.0 (/opt/ros/humble/share/rmw_implementation_cmake/cmake)
[0.288s] -- Found rmw_fastrtps_cpp: 6.2.1 (/opt/ros/humble/share/rmw_fastrtps_cpp/cmake)
[0.389s] -- Using RMW implementation 'rmw_fastrtps_cpp' as default
[0.735s] -- Configuring done
[0.912s] -- Generating done
[0.920s] -- Build files have been written to: /home/omer/Desktop/dev_ws/build/sbus_demo
[0.934s] Invoked command in '/home/omer/Desktop/dev_ws/build/sbus_demo' returned '0': CMAKE_PREFIX_PATH=/opt/ros/humble /usr/bin/cmake /home/omer/Desktop/dev_ws/src/sbus_demo -DCMAKE_INSTALL_PREFIX=/home/omer/Desktop/dev_ws/install/sbus_demo
[0.938s] Invoking command in '/home/omer/Desktop/dev_ws/build/sbus_demo': CMAKE_PREFIX_PATH=/opt/ros/humble /usr/bin/cmake --build /home/omer/Desktop/dev_ws/build/sbus_demo -- -j8 -l8
[0.976s] [ 50%] [32mBuilding CXX object CMakeFiles/sbus_demo.dir/src/sbus_demo.cpp.o[0m
[4.208s] [01m[K/home/omer/Desktop/dev_ws/src/sbus_demo/src/sbus_demo.cpp:5:12:[m[K [01;31m[Kerror: [m[Kâ€˜[01m[Ksbus::sbus sbus[m[Kâ€™ redeclared as different kind of entity
[4.209s]     5 | sbus::sbus [01;31m[Ksbus[m[K;
[4.209s]       |            [01;31m[K^~~~[m[K
[4.209s] In file included from [01m[K/home/omer/Desktop/dev_ws/src/sbus_demo/src/sbus_demo.cpp:3[m[K:
[4.209s] [01m[K/home/omer/Desktop/dev_ws/src/sbus_demo/src/sbus.h:16:11:[m[K [01;36m[Knote: [m[Kprevious declaration â€˜[01m[Knamespace sbus { }[m[Kâ€™
[4.209s]    16 | namespace [01;36m[Ksbus[m[K{
[4.209s]       |           [01;36m[K^~~~[m[K
[4.229s] [01m[K/home/omer/Desktop/dev_ws/src/sbus_demo/src/sbus_demo.cpp:[m[K In constructor â€˜[01m[Ksbus_demo::sbus_demo()[m[Kâ€™:
[4.230s] [01m[K/home/omer/Desktop/dev_ws/src/sbus_demo/src/sbus_demo.cpp:13:24:[m[K [01;31m[Kerror: [m[KISO C++ forbids taking the address of an unqualified or parenthesized non-static member function to form a pointer to member function.  Say â€˜[01m[K&sbus_demo::callback[m[Kâ€™ [[01;31m[K]8;;https://gcc.gnu.org/onlinedocs/gcc/Warning-Options.html#index-fpermissive-fpermissive]8;;[m[K]
[4.230s]    13 |             std::bind(&[01;31m[Kcallback[m[K,this));
[4.230s]       |                        [01;31m[K^~~~~~~~[m[K
[4.238s] [01m[K/home/omer/Desktop/dev_ws/src/sbus_demo/src/sbus_demo.cpp:[m[K In member function â€˜[01m[Kvoid sbus_demo::callback()[m[Kâ€™:
[4.238s] [01m[K/home/omer/Desktop/dev_ws/src/sbus_demo/src/sbus_demo.cpp:18:17:[m[K [01;31m[Kerror: [m[Kexpected primary-expression before â€˜[01m[K.[m[Kâ€™ token
[4.238s]    18 |             sbus[01;31m[K.[m[KtransmitSerialSbusMessages();
[4.238s]       |                 [01;31m[K^[m[K
[4.933s] gmake[2]: *** [CMakeFiles/sbus_demo.dir/build.make:76: CMakeFiles/sbus_demo.dir/src/sbus_demo.cpp.o] Error 1
[4.933s] gmake[1]: *** [CMakeFiles/Makefile2:137: CMakeFiles/sbus_demo.dir/all] Error 2
[4.933s] gmake: *** [Makefile:146: all] Error 2
[4.935s] Invoked command in '/home/omer/Desktop/dev_ws/build/sbus_demo' returned '2': CMAKE_PREFIX_PATH=/opt/ros/humble /usr/bin/cmake --build /home/omer/Desktop/dev_ws/build/sbus_demo -- -j8 -l8
