[01m[K/home/omer/Desktop/dev_ws/src/sbus_demo/src/sbus.cpp:201:20:[m[K [01;31m[Kerror: [m[Kexpected â€˜[01m[K;[m[Kâ€™ at end of member declaration
  201 |         int freq = [01;31m[K125[m[K
      |                    [01;31m[K^~~[m[K
      |                       [32m[K;[m[K
gmake[2]: *** [CMakeFiles/sbus_demo.dir/build.make:76: CMakeFiles/sbus_demo.dir/src/sbus.cpp.o] Error 1
gmake[1]: *** [CMakeFiles/Makefile2:137: CMakeFiles/sbus_demo.dir/all] Error 2
gmake: *** [Makefile:146: all] Error 2
