[0.012s] Invoking command in '/home/omer/Desktop/dev_ws/build/sbus_demo': CMAKE_PREFIX_PATH=${CMAKE_PREFIX_PATH}:/opt/ros/humble /usr/bin/cmake --build /home/omer/Desktop/dev_ws/build/sbus_demo -- -j8 -l8
[0.043s] [35m[1mConsolidate compiler generated dependencies of target sbus_demo[0m
[0.061s] [ 50%] [32mBuilding CXX object CMakeFiles/sbus_demo.dir/src/sbus.cpp.o[0m
[2.104s] [01m[K/home/omer/Desktop/dev_ws/src/sbus_demo/src/sbus.cpp:201:20:[m[K [01;31m[Kerror: [m[Kexpected â€˜[01m[K;[m[Kâ€™ at end of member declaration
[2.105s]   201 |         int freq = [01;31m[K125[m[K
[2.105s]       |                    [01;31m[K^~~[m[K
[2.105s]       |                       [32m[K;[m[K
[2.706s] gmake[2]: *** [CMakeFiles/sbus_demo.dir/build.make:76: CMakeFiles/sbus_demo.dir/src/sbus.cpp.o] Error 1
[2.706s] gmake[1]: *** [CMakeFiles/Makefile2:137: CMakeFiles/sbus_demo.dir/all] Error 2
[2.706s] gmake: *** [Makefile:146: all] Error 2
[2.708s] Invoked command in '/home/omer/Desktop/dev_ws/build/sbus_demo' returned '2': CMAKE_PREFIX_PATH=${CMAKE_PREFIX_PATH}:/opt/ros/humble /usr/bin/cmake --build /home/omer/Desktop/dev_ws/build/sbus_demo -- -j8 -l8
